#
# There is insufficient memory for the Java Runtime Environment to continue.
# Native memory allocation (malloc) failed to allocate 1944976 bytes for Chunk::new
# Possible reasons:
#   The system is out of physical RAM or swap space
#   The process is running with CompressedOops enabled, and the Java Heap may be blocking the growth of the native heap
# Possible solutions:
#   Reduce memory load on the system
#   Increase physical memory or swap space
#   Check if swap backing store is full
#   Decrease Java heap size (-Xmx/-Xms)
#   Decrease number of Java threads
#   Decrease Java thread stack sizes (-Xss)
#   Set larger code cache with -XX:ReservedCodeCacheSize=
#   JVM is running with Unscaled Compressed Oops mode in which the Java heap is
#     placed in the first 4GB address space. The Java Heap base address is the
#     maximum limit for the native heap growth. Please use -XX:HeapBaseMinAddress
#     to set the Java Heap base and to place the Java Heap above 4GB virtual address.
# This output file may be truncated or incomplete.
#
#  Out of Memory Error (./src/hotspot/share/memory/arena.cpp:197), pid=30304, tid=31476
#
# JRE version: OpenJDK Runtime Environment (11.0.8+10) (build 11.0.8+10-b944.6842174)
# Java VM: OpenJDK 64-Bit Server VM (11.0.8+10-b944.6842174, mixed mode, tiered, compressed oops, g1 gc, windows-amd64)
# No core dump will be written. Minidumps are not enabled by default on client versions of Windows
#

---------------  S U M M A R Y ------------

Command Line: --add-opens=java.base/java.util=ALL-UNNAMED --add-opens=java.base/java.lang=ALL-UNNAMED --add-opens=java.base/java.lang.invoke=ALL-UNNAMED --add-opens=java.prefs/java.util.prefs=ALL-UNNAMED -Xmx2048m -Dfile.encoding=UTF-8 -Duser.country=US -Duser.language=en -Duser.variant org.gradle.launcher.daemon.bootstrap.GradleDaemon 6.7.1

Host: Intel(R) Core(TM) i5-8265U CPU @ 1.60GHz, 8 cores, 7G,  Windows 10 , 64 bit Build 19041 (10.0.19041.1023)
Time: Fri Aug 13 21:32:35 2021 SE Asia Standard Time elapsed time: 304 seconds (0d 0h 5m 4s)

---------------  T H R E A D  ---------------

Current thread (0x000002b7a66d8000):  JavaThread "C2 CompilerThread0" daemon [_thread_in_native, id=31476, stack(0x000000ba1a900000,0x000000ba1aa00000)]


Current CompileTask:
C2: 304497 18486   !   4       java.io.ObjectInputStream::readObject0 (671 bytes)

Stack: [0x000000ba1a900000,0x000000ba1aa00000]
Native frames: (J=compiled Java code, j=interpreted, Vv=VM code, C=native code)
V  [jvm.dll+0x5de50a]
V  [jvm.dll+0x7122f5]
V  [jvm.dll+0x71384d]
V  [jvm.dll+0x713f03]
V  [jvm.dll+0x23e728]
V  [jvm.dll+0xb899c]
V  [jvm.dll+0xb8e9c]
V  [jvm.dll+0x35020b]
V  [jvm.dll+0x31dea3]
V  [jvm.dll+0x31d39a]
V  [jvm.dll+0x1f7702]
V  [jvm.dll+0x1f68d4]
V  [jvm.dll+0x17f32c]
V  [jvm.dll+0x205047]
V  [jvm.dll+0x203891]
V  [jvm.dll+0x6dad3f]
V  [jvm.dll+0x6d3895]
V  [jvm.dll+0x5dd4a6]
C  [ucrtbase.dll+0x21bb2]
C  [KERNEL32.DLL+0x17034]
C  [ntdll.dll+0x52651]


---------------  P R O C E S S  ---------------

Threads class SMR info:
_java_thread_list=0x000002b7a78b0090, length=59, elements={
0x000002b78a408800, 0x000002b7a66ba800, 0x000002b7a66c6000, 0x000002b7a7052800,
0x000002b7a66d5800, 0x000002b7a66d8000, 0x000002b7a66e0800, 0x000002b7a66e2800,
0x000002b7a7199800, 0x000002b7a71a4800, 0x000002b7a91dd800, 0x000002b7a888c000,
0x000002b7a826b000, 0x000002b7a8920800, 0x000002b7a83f9800, 0x000002b7a8f92800,
0x000002b7a8f96800, 0x000002b7a8f91800, 0x000002b7a9547800, 0x000002b7a9543800,
0x000002b7b0619800, 0x000002b7b061c800, 0x000002b7b0610800, 0x000002b7b0614800,
0x000002b7b0615000, 0x000002b7b0613800, 0x000002b7b0616000, 0x000002b7b0611000,
0x000002b7b0617000, 0x000002b7b0617800, 0x000002b7b0618800, 0x000002b7b0613000,
0x000002b7b061a000, 0x000002b7b061d800, 0x000002b7b061e000, 0x000002b7b061b800,
0x000002b7b061f000, 0x000002b7b061b000, 0x000002b7a9544000, 0x000002b7a7ed4800,
0x000002b7a7ed7800, 0x000002b7a7ed5000, 0x000002b7a7edd800, 0x000002b7a7ed8800,
0x000002b7a7ed9800, 0x000002b7a7edb000, 0x000002b7a7edb800, 0x000002b7a7edc800,
0x000002b7ab19e800, 0x000002b7ab19c000, 0x000002b7ab1a0800, 0x000002b7ab19f800,
0x000002b7a9545000, 0x000002b7a9548800, 0x000002b7a9542800, 0x000002b7a954b800,
0x000002b7a9549000, 0x000002b7a954a000, 0x000002b7a9546000
}

Java Threads: ( => current thread )
  0x000002b78a408800 JavaThread "main" [_thread_blocked, id=6412, stack(0x000000ba19e00000,0x000000ba19f00000)]
  0x000002b7a66ba800 JavaThread "Reference Handler" daemon [_thread_blocked, id=5312, stack(0x000000ba1a500000,0x000000ba1a600000)]
  0x000002b7a66c6000 JavaThread "Finalizer" daemon [_thread_blocked, id=34040, stack(0x000000ba1a600000,0x000000ba1a700000)]
  0x000002b7a7052800 JavaThread "Signal Dispatcher" daemon [_thread_blocked, id=34676, stack(0x000000ba1a700000,0x000000ba1a800000)]
  0x000002b7a66d5800 JavaThread "Attach Listener" daemon [_thread_blocked, id=280, stack(0x000000ba1a800000,0x000000ba1a900000)]
=>0x000002b7a66d8000 JavaThread "C2 CompilerThread0" daemon [_thread_in_native, id=31476, stack(0x000000ba1a900000,0x000000ba1aa00000)]
  0x000002b7a66e0800 JavaThread "C1 CompilerThread0" daemon [_thread_blocked, id=14320, stack(0x000000ba1aa00000,0x000000ba1ab00000)]
  0x000002b7a66e2800 JavaThread "Sweeper thread" daemon [_thread_blocked, id=21564, stack(0x000000ba1ab00000,0x000000ba1ac00000)]
  0x000002b7a7199800 JavaThread "Common-Cleaner" daemon [_thread_blocked, id=21332, stack(0x000000ba1ac00000,0x000000ba1ad00000)]
  0x000002b7a71a4800 JavaThread "Service Thread" daemon [_thread_blocked, id=22556, stack(0x000000ba1ad00000,0x000000ba1ae00000)]
  0x000002b7a91dd800 JavaThread "Daemon health stats" [_thread_blocked, id=24036, stack(0x000000ba1b200000,0x000000ba1b300000)]
  0x000002b7a888c000 JavaThread "Incoming local TCP Connector on port 53415" [_thread_in_native, id=27112, stack(0x000000ba1b400000,0x000000ba1b500000)]
  0x000002b7a826b000 JavaThread "Daemon periodic checks" [_thread_blocked, id=5540, stack(0x000000ba1b500000,0x000000ba1b600000)]
  0x000002b7a8920800 JavaThread "Daemon" [_thread_blocked, id=1300, stack(0x000000ba1b600000,0x000000ba1b700000)]
  0x000002b7a83f9800 JavaThread "Daemon worker" [_thread_blocked, id=23800, stack(0x000000ba1b900000,0x000000ba1ba00000)]
  0x000002b7a8f92800 JavaThread "Cache worker for file hash cache (C:\Users\dinhn\.gradle\caches\6.7.1\fileHashes)" [_thread_blocked, id=22456, stack(0x000000ba1ba00000,0x000000ba1bb00000)]
  0x000002b7a8f96800 JavaThread "File lock request listener" [_thread_in_native, id=4532, stack(0x000000ba1c300000,0x000000ba1c400000)]
  0x000002b7a8f91800 JavaThread "Cache worker for journal cache (C:\Users\dinhn\.gradle\caches\journal-1)" [_thread_blocked, id=18988, stack(0x000000ba1c500000,0x000000ba1c600000)]
  0x000002b7a9547800 JavaThread "Cache worker for execution history cache (C:\Users\dinhn\.gradle\caches\6.7.1\executionHistory)" [_thread_blocked, id=9032, stack(0x000000ba1df00000,0x000000ba1e000000)]
  0x000002b7a9543800 JavaThread "Cache worker for file content cache (C:\Users\dinhn\.gradle\caches\6.7.1\fileContent)" [_thread_blocked, id=30384, stack(0x000000ba1e000000,0x000000ba1e100000)]
  0x000002b7b0619800 JavaThread "Memory manager" [_thread_blocked, id=4960, stack(0x000000ba23600000,0x000000ba23700000)]
  0x000002b7b061c800 JavaThread "pool-3-thread-1" [_thread_blocked, id=34256, stack(0x000000ba23800000,0x000000ba23900000)]
  0x000002b7b0610800 JavaThread "Handler for socket connection from /127.0.0.1:53415 to /127.0.0.1:61505" [_thread_in_native, id=18012, stack(0x000000ba19b00000,0x000000ba19c00000)]
  0x000002b7b0614800 JavaThread "Cancel handler" [_thread_blocked, id=33604, stack(0x000000ba19c00000,0x000000ba19d00000)]
  0x000002b7b0615000 JavaThread "Asynchronous log dispatcher for DefaultDaemonConnection: socket connection from /127.0.0.1:53415 to /127.0.0.1:61505" [_thread_blocked, id=14076, stack(0x000000ba19d00000,0x000000ba19e00000)]
  0x000002b7b0613800 JavaThread "Thread-136" [_thread_blocked, id=2304, stack(0x000000ba1b700000,0x000000ba1b800000)]
  0x000002b7b0616000 JavaThread "Cache worker for file hash cache (C:\Users\dinhn\Downloads\Laptopapp\Laptopapp\.gradle\6.7.1\fileHashes)" [_thread_blocked, id=12552, stack(0x000000ba1b800000,0x000000ba1b900000)]
  0x000002b7b0611000 JavaThread "Cache worker for checksums cache (C:\Users\dinhn\Downloads\Laptopapp\Laptopapp\.gradle\checksums)" [_thread_blocked, id=27928, stack(0x000000ba1bb00000,0x000000ba1bc00000)]
  0x000002b7b0617000 JavaThread "Cache worker for cache directory md-supplier (C:\Users\dinhn\.gradle\caches\6.7.1\md-supplier)" [_thread_blocked, id=23684, stack(0x000000ba1bc00000,0x000000ba1bd00000)]
  0x000002b7b0617800 JavaThread "Cache worker for cache directory md-rule (C:\Users\dinhn\.gradle\caches\6.7.1\md-rule)" [_thread_blocked, id=6240, stack(0x000000ba1bd00000,0x000000ba1be00000)]
  0x000002b7b0618800 JavaThread "Cache worker for Build Output Cleanup Cache (C:\Users\dinhn\Downloads\Laptopapp\Laptopapp\.gradle\buildOutputCleanup)" [_thread_blocked, id=31716, stack(0x000000ba1c700000,0x000000ba1c800000)]
  0x000002b7b0613000 JavaThread "Build operations" [_thread_blocked, id=20596, stack(0x000000ba1c800000,0x000000ba1c900000)]
  0x000002b7b061a000 JavaThread "Build operations Thread 2" [_thread_blocked, id=30616, stack(0x000000ba1c900000,0x000000ba1ca00000)]
  0x000002b7b061d800 JavaThread "Build operations Thread 3" [_thread_blocked, id=31536, stack(0x000000ba1ca00000,0x000000ba1cb00000)]
  0x000002b7b061e000 JavaThread "Build operations Thread 4" [_thread_blocked, id=27508, stack(0x000000ba1cb00000,0x000000ba1cc00000)]
  0x000002b7b061b800 JavaThread "Build operations Thread 5" [_thread_blocked, id=20548, stack(0x000000ba1cc00000,0x000000ba1cd00000)]
  0x000002b7b061f000 JavaThread "Build operations Thread 6" [_thread_blocked, id=1816, stack(0x000000ba1cd00000,0x000000ba1ce00000)]
  0x000002b7b061b000 JavaThread "Build operations Thread 7" [_thread_blocked, id=21944, stack(0x000000ba1ce00000,0x000000ba1cf00000)]
  0x000002b7a9544000 JavaThread "Build operations Thread 8" [_thread_blocked, id=34360, stack(0x000000ba1cf00000,0x000000ba1d000000)]
  0x000002b7a7ed4800 JavaThread "build event listener" [_thread_blocked, id=32180, stack(0x000000ba23400000,0x000000ba23500000)]
  0x000002b7a7ed7800 JavaThread "pool-6-thread-1" [_thread_blocked, id=31012, stack(0x000000ba23500000,0x000000ba23600000)]
  0x000002b7a7ed5000 JavaThread "build event listener" [_thread_blocked, id=5112, stack(0x000000ba23700000,0x000000ba23800000)]
  0x000002b7a7edd800 JavaThread "Execution worker for ':'" [_thread_blocked, id=3088, stack(0x000000ba23900000,0x000000ba23a00000)]
  0x000002b7a7ed8800 JavaThread "Execution worker for ':' Thread 2" [_thread_blocked, id=32140, stack(0x000000ba23b00000,0x000000ba23c00000)]
  0x000002b7a7ed9800 JavaThread "Execution worker for ':' Thread 3" [_thread_blocked, id=19080, stack(0x000000ba23c00000,0x000000ba23d00000)]
  0x000002b7a7edb000 JavaThread "Execution worker for ':' Thread 4" [_thread_blocked, id=34328, stack(0x000000ba23d00000,0x000000ba23e00000)]
  0x000002b7a7edb800 JavaThread "Execution worker for ':' Thread 5" [_thread_blocked, id=25296, stack(0x000000ba23e00000,0x000000ba23f00000)]
  0x000002b7a7edc800 JavaThread "Execution worker for ':' Thread 6" [_thread_blocked, id=20976, stack(0x000000ba23f00000,0x000000ba24000000)]
  0x000002b7ab19e800 JavaThread "Execution worker for ':' Thread 7" [_thread_blocked, id=33464, stack(0x000000ba24000000,0x000000ba24100000)]
  0x000002b7ab19c000 JavaThread "Cache worker for execution history cache (C:\Users\dinhn\Downloads\Laptopapp\Laptopapp\.gradle\6.7.1\executionHistory)" [_thread_blocked, id=34452, stack(0x000000ba24100000,0x000000ba24200000)]
  0x000002b7ab1a0800 JavaThread "WorkerExecutor Queue" [_thread_blocked, id=1632, stack(0x000000ba24200000,0x000000ba24300000)]
  0x000002b7ab19f800 JavaThread "WorkerExecutor Queue Thread 2" [_thread_in_vm, id=21528, stack(0x000000ba24300000,0x000000ba24400000)]
  0x000002b7a9545000 JavaThread "WorkerExecutor Queue Thread 3" [_thread_blocked, id=26984, stack(0x000000ba1c600000,0x000000ba1c700000)]
  0x000002b7a9548800 JavaThread "WorkerExecutor Queue Thread 4" [_thread_blocked, id=4192, stack(0x000000ba1d000000,0x000000ba1d100000)]
  0x000002b7a9542800 JavaThread "WorkerExecutor Queue Thread 5" [_thread_blocked, id=17264, stack(0x000000ba1d100000,0x000000ba1d200000)]
  0x000002b7a954b800 JavaThread "WorkerExecutor Queue Thread 6" [_thread_blocked, id=22976, stack(0x000000ba1d200000,0x000000ba1d300000)]
  0x000002b7a9549000 JavaThread "WorkerExecutor Queue Thread 7" [_thread_blocked, id=31348, stack(0x000000ba1d300000,0x000000ba1d400000)]
  0x000002b7a954a000 JavaThread "WorkerExecutor Queue Thread 8" [_thread_blocked, id=31984, stack(0x000000ba1d400000,0x000000ba1d500000)]
  0x000002b7a9546000 JavaThread "Java2D Disposer" daemon [_thread_blocked, id=35448, stack(0x000000ba1d800000,0x000000ba1d900000)]

Other Threads:
  0x000002b7a66b5800 VMThread "VM Thread" [stack: 0x000000ba1a400000,0x000000ba1a500000] [id=14696]
  0x000002b7a71a6000 WatcherThread [stack: 0x000000ba1ae00000,0x000000ba1af00000] [id=28328]
  0x000002b78a420000 GCTaskThread "GC Thread#0" [stack: 0x000000ba19f00000,0x000000ba1a000000] [id=22596]
  0x000002b7a7c50000 GCTaskThread "GC Thread#1" [stack: 0x000000ba1af00000,0x000000ba1b000000] [id=11732]
  0x000002b7a7d23000 GCTaskThread "GC Thread#2" [stack: 0x000000ba1b000000,0x000000ba1b100000] [id=33960]
  0x000002b7a7856800 GCTaskThread "GC Thread#3" [stack: 0x000000ba1be00000,0x000000ba1bf00000] [id=28712]
  0x000002b7a78b7000 GCTaskThread "GC Thread#4" [stack: 0x000000ba1bf00000,0x000000ba1c000000] [id=29880]
  0x000002b7a7907000 GCTaskThread "GC Thread#5" [stack: 0x000000ba1c000000,0x000000ba1c100000] [id=4864]
  0x000002b7a740a800 GCTaskThread "GC Thread#6" [stack: 0x000000ba1c100000,0x000000ba1c200000] [id=30184]
  0x000002b7a8055800 GCTaskThread "GC Thread#7" [stack: 0x000000ba1c200000,0x000000ba1c300000] [id=15612]
  0x000002b78a451000 ConcurrentGCThread "G1 Main Marker" [stack: 0x000000ba1a000000,0x000000ba1a100000] [id=31304]
  0x000002b78a454000 ConcurrentGCThread "G1 Conc#0" [stack: 0x000000ba1a100000,0x000000ba1a200000] [id=34796]
  0x000002b7a7f25000 ConcurrentGCThread "G1 Conc#1" [stack: 0x000000ba1c400000,0x000000ba1c500000] [id=20152]
  0x000002b7a6510800 ConcurrentGCThread "G1 Refine#0" [stack: 0x000000ba1a200000,0x000000ba1a300000] [id=12952]
  0x000002b7af7e2800 ConcurrentGCThread "G1 Refine#1" [stack: 0x000000ba1b100000,0x000000ba1b200000] [id=35292]
  0x000002b7af7de800 ConcurrentGCThread "G1 Refine#2" [stack: 0x000000ba1b300000,0x000000ba1b400000] [id=35304]
  0x000002b7a6511800 ConcurrentGCThread "G1 Young RemSet Sampling" [stack: 0x000000ba1a300000,0x000000ba1a400000] [id=6372]

Threads with active compile tasks:
C2 CompilerThread0 304744 18486   !   4       java.io.ObjectInputStream::readObject0 (671 bytes)

VM state:not at safepoint (normal execution)

VM Mutex/Monitor currently owned by a thread: None

Heap address: 0x0000000080000000, size: 2048 MB, Compressed Oops mode: 32-bit
Narrow klass base: 0x0000000000000000, Narrow klass shift: 3
Compressed class space size: 1073741824 Address: 0x0000000100000000

Heap:
 garbage-first heap   total 270336K, used 207305K [0x0000000080000000, 0x0000000100000000)
  region size 1024K, 24 young (24576K), 7 survivors (7168K)
 Metaspace       used 115507K, capacity 118420K, committed 118732K, reserved 1153024K
  class space    used 13988K, capacity 15012K, committed 15128K, reserved 1048576K
Heap Regions: E=young(eden), S=young(survivor), O=old, HS=humongous(starts), HC=humongous(continues), CS=collection set, F=free, A=archive, TAMS=top-at-mark-start (previous, next)
|   0|0x0000000080000000, 0x0000000080100000, 0x0000000080100000|100%| O|  |TAMS 0x0000000080100000, 0x0000000080000000| Untracked 
|   1|0x0000000080100000, 0x0000000080200000, 0x0000000080200000|100%| O|  |TAMS 0x0000000080200000, 0x0000000080100000| Untracked 
|   2|0x0000000080200000, 0x0000000080300000, 0x0000000080300000|100%| O|  |TAMS 0x0000000080300000, 0x0000000080200000| Untracked 
|   3|0x0000000080300000, 0x0000000080400000, 0x0000000080400000|100%|HS|  |TAMS 0x0000000080400000, 0x0000000080300000| Complete 
|   4|0x0000000080400000, 0x0000000080500000, 0x0000000080500000|100%|HC|  |TAMS 0x0000000080500000, 0x0000000080400000| Complete 
|   5|0x0000000080500000, 0x0000000080600000, 0x0000000080600000|100%|HC|  |TAMS 0x0000000080600000, 0x0000000080500000| Complete 
|   6|0x0000000080600000, 0x0000000080700000, 0x0000000080700000|100%| O|  |TAMS 0x0000000080700000, 0x0000000080600000| Untracked 
|   7|0x0000000080700000, 0x0000000080800000, 0x0000000080800000|100%| O|  |TAMS 0x0000000080800000, 0x0000000080700000| Untracked 
|   8|0x0000000080800000, 0x0000000080900000, 0x0000000080900000|100%| O|  |TAMS 0x0000000080900000, 0x0000000080800000| Untracked 
|   9|0x0000000080900000, 0x0000000080a00000, 0x0000000080a00000|100%| O|  |TAMS 0x0000000080a00000, 0x0000000080900000| Untracked 
|  10|0x0000000080a00000, 0x0000000080b00000, 0x0000000080b00000|100%| O|  |TAMS 0x0000000080b00000, 0x0000000080a00000| Untracked 
|  11|0x0000000080b00000, 0x0000000080c00000, 0x0000000080c00000|100%| O|  |TAMS 0x0000000080c00000, 0x0000000080b00000| Untracked 
|  12|0x0000000080c00000, 0x0000000080d00000, 0x0000000080d00000|100%| O|  |TAMS 0x0000000080d00000, 0x0000000080c00000| Untracked 
|  13|0x0000000080d00000, 0x0000000080e00000, 0x0000000080e00000|100%| O|  |TAMS 0x0000000080e00000, 0x0000000080d00000| Untracked 
|  14|0x0000000080e00000, 0x0000000080f00000, 0x0000000080f00000|100%| O|  |TAMS 0x0000000080f00000, 0x0000000080e00000| Untracked 
|  15|0x0000000080f00000, 0x0000000081000000, 0x0000000081000000|100%| O|  |TAMS 0x0000000081000000, 0x0000000080f00000| Untracked 
|  16|0x0000000081000000, 0x0000000081100000, 0x0000000081100000|100%|HS|  |TAMS 0x0000000081100000, 0x0000000081000000| Complete 
|  17|0x0000000081100000, 0x0000000081200000, 0x0000000081200000|100%|HC|  |TAMS 0x0000000081200000, 0x0000000081100000| Complete 
|  18|0x0000000081200000, 0x0000000081300000, 0x0000000081300000|100%|HS|  |TAMS 0x0000000081300000, 0x0000000081200000| Complete 
|  19|0x0000000081300000, 0x0000000081400000, 0x0000000081400000|100%|HC|  |TAMS 0x0000000081400000, 0x0000000081300000| Complete 
|  20|0x0000000081400000, 0x0000000081500000, 0x0000000081500000|100%|HC|  |TAMS 0x0000000081500000, 0x0000000081400000| Complete 
|  21|0x0000000081500000, 0x0000000081600000, 0x0000000081600000|100%|HS|  |TAMS 0x0000000081600000, 0x0000000081500000| Complete 
|  22|0x0000000081600000, 0x0000000081700000, 0x0000000081700000|100%|HC|  |TAMS 0x0000000081700000, 0x0000000081600000| Complete 
|  23|0x0000000081700000, 0x0000000081800000, 0x0000000081800000|100%|HC|  |TAMS 0x0000000081800000, 0x0000000081700000| Complete 
|  24|0x0000000081800000, 0x0000000081900000, 0x0000000081900000|100%|HC|  |TAMS 0x0000000081900000, 0x0000000081800000| Complete 
|  25|0x0000000081900000, 0x0000000081a00000, 0x0000000081a00000|100%| O|  |TAMS 0x0000000081a00000, 0x0000000081900000| Untracked 
|  26|0x0000000081a00000, 0x0000000081b00000, 0x0000000081b00000|100%| O|  |TAMS 0x0000000081b00000, 0x0000000081a00000| Untracked 
|  27|0x0000000081b00000, 0x0000000081c00000, 0x0000000081c00000|100%| O|  |TAMS 0x0000000081c00000, 0x0000000081b00000| Untracked 
|  28|0x0000000081c00000, 0x0000000081d00000, 0x0000000081d00000|100%| O|  |TAMS 0x0000000081d00000, 0x0000000081c00000| Untracked 
|  29|0x0000000081d00000, 0x0000000081e00000, 0x0000000081e00000|100%| O|  |TAMS 0x0000000081e00000, 0x0000000081d00000| Untracked 
|  30|0x0000000081e00000, 0x0000000081f00000, 0x0000000081f00000|100%| O|  |TAMS 0x0000000081f00000, 0x0000000081e00000| Untracked 
|  31|0x0000000081f00000, 0x0000000082000000, 0x0000000082000000|100%| O|  |TAMS 0x0000000082000000, 0x0000000081f00000| Untracked 
|  32|0x0000000082000000, 0x0000000082100000, 0x0000000082100000|100%| O|  |TAMS 0x0000000082100000, 0x0000000082000000| Untracked 
|  33|0x0000000082100000, 0x0000000082200000, 0x0000000082200000|100%| O|  |TAMS 0x0000000082200000, 0x0000000082100000| Untracked 
|  34|0x0000000082200000, 0x0000000082300000, 0x0000000082300000|100%|HS|  |TAMS 0x0000000082300000, 0x0000000082200000| Complete 
|  35|0x0000000082300000, 0x0000000082400000, 0x0000000082400000|100%|HC|  |TAMS 0x0000000082400000, 0x0000000082300000| Complete 
|  36|0x0000000082400000, 0x0000000082500000, 0x0000000082500000|100%|HC|  |TAMS 0x0000000082500000, 0x0000000082400000| Complete 
|  37|0x0000000082500000, 0x0000000082600000, 0x0000000082600000|100%|HC|  |TAMS 0x0000000082600000, 0x0000000082500000| Complete 
|  38|0x0000000082600000, 0x0000000082700000, 0x0000000082700000|100%|HS|  |TAMS 0x0000000082700000, 0x0000000082600000| Complete 
|  39|0x0000000082700000, 0x0000000082800000, 0x0000000082800000|100%|HC|  |TAMS 0x0000000082800000, 0x0000000082700000| Complete 
|  40|0x0000000082800000, 0x0000000082900000, 0x0000000082900000|100%|HC|  |TAMS 0x0000000082900000, 0x0000000082800000| Complete 
|  41|0x0000000082900000, 0x0000000082a00000, 0x0000000082a00000|100%| O|  |TAMS 0x0000000082a00000, 0x0000000082900000| Untracked 
|  42|0x0000000082a00000, 0x0000000082b00000, 0x0000000082b00000|100%| O|  |TAMS 0x0000000082b00000, 0x0000000082a00000| Untracked 
|  43|0x0000000082b00000, 0x0000000082c00000, 0x0000000082c00000|100%| O|  |TAMS 0x0000000082c00000, 0x0000000082b00000| Untracked 
|  44|0x0000000082c00000, 0x0000000082d00000, 0x0000000082d00000|100%| O|  |TAMS 0x0000000082d00000, 0x0000000082c00000| Untracked 
|  45|0x0000000082d00000, 0x0000000082e00000, 0x0000000082e00000|100%| O|  |TAMS 0x0000000082e00000, 0x0000000082d00000| Untracked 
|  46|0x0000000082e00000, 0x0000000082f00000, 0x0000000082f00000|100%| O|  |TAMS 0x0000000082f00000, 0x0000000082e00000| Untracked 
|  47|0x0000000082f00000, 0x0000000083000000, 0x0000000083000000|100%| O|  |TAMS 0x0000000083000000, 0x0000000082f00000| Untracked 
|  48|0x0000000083000000, 0x0000000083100000, 0x0000000083100000|100%| O|  |TAMS 0x0000000083100000, 0x0000000083000000| Untracked 
|  49|0x0000000083100000, 0x0000000083200000, 0x0000000083200000|100%| O|  |TAMS 0x0000000083200000, 0x0000000083100000| Untracked 
|  50|0x0000000083200000, 0x0000000083300000, 0x0000000083300000|100%| O|  |TAMS 0x0000000083300000, 0x0000000083200000| Untracked 
|  51|0x0000000083300000, 0x0000000083400000, 0x0000000083400000|100%| O|  |TAMS 0x0000000083400000, 0x0000000083300000| Untracked 
|  52|0x0000000083400000, 0x0000000083500000, 0x0000000083500000|100%| O|  |TAMS 0x0000000083500000, 0x0000000083400000| Untracked 
|  53|0x0000000083500000, 0x0000000083600000, 0x0000000083600000|100%| O|  |TAMS 0x0000000083600000, 0x0000000083500000| Untracked 
|  54|0x0000000083600000, 0x0000000083700000, 0x0000000083700000|100%| O|  |TAMS 0x0000000083600000, 0x0000000083600000| Untracked 
|  55|0x0000000083700000, 0x0000000083800000, 0x0000000083800000|100%| O|  |TAMS 0x0000000083700000, 0x0000000083700000| Untracked 
|  56|0x0000000083800000, 0x0000000083900000, 0x0000000083900000|100%| O|  |TAMS 0x0000000083900000, 0x0000000083800000| Untracked 
|  57|0x0000000083900000, 0x0000000083a00000, 0x0000000083a00000|100%| O|  |TAMS 0x0000000083a00000, 0x0000000083900000| Untracked 
|  58|0x0000000083a00000, 0x0000000083b00000, 0x0000000083b00000|100%| O|  |TAMS 0x0000000083b00000, 0x0000000083a00000| Untracked 
|  59|0x0000000083b00000, 0x0000000083c00000, 0x0000000083c00000|100%| O|  |TAMS 0x0000000083c00000, 0x0000000083b00000| Untracked 
|  60|0x0000000083c00000, 0x0000000083d00000, 0x0000000083d00000|100%| O|  |TAMS 0x0000000083d00000, 0x0000000083c00000| Untracked 
|  61|0x0000000083d00000, 0x0000000083e00000, 0x0000000083e00000|100%| O|  |TAMS 0x0000000083e00000, 0x0000000083d00000| Untracked 
|  62|0x0000000083e00000, 0x0000000083f00000, 0x0000000083f00000|100%|HS|  |TAMS 0x0000000083f00000, 0x0000000083e00000| Complete 
|  63|0x0000000083f00000, 0x0000000084000000, 0x0000000084000000|100%|HS|  |TAMS 0x0000000084000000, 0x0000000083f00000| Complete 
|  64|0x0000000084000000, 0x0000000084100000, 0x0000000084100000|100%|HC|  |TAMS 0x0000000084100000, 0x0000000084000000| Complete 
|  65|0x0000000084100000, 0x0000000084200000, 0x0000000084200000|100%| O|  |TAMS 0x0000000084200000, 0x0000000084100000| Untracked 
|  66|0x0000000084200000, 0x0000000084300000, 0x0000000084300000|100%| O|  |TAMS 0x0000000084300000, 0x0000000084200000| Untracked 
|  67|0x0000000084300000, 0x0000000084400000, 0x0000000084400000|100%| O|  |TAMS 0x0000000084400000, 0x0000000084300000| Untracked 
|  68|0x0000000084400000, 0x0000000084500000, 0x0000000084500000|100%| O|  |TAMS 0x0000000084500000, 0x0000000084400000| Untracked 
|  69|0x0000000084500000, 0x0000000084600000, 0x0000000084600000|100%| O|  |TAMS 0x0000000084600000, 0x0000000084500000| Untracked 
|  70|0x0000000084600000, 0x0000000084700000, 0x0000000084700000|100%| O|  |TAMS 0x0000000084700000, 0x0000000084600000| Untracked 
|  71|0x0000000084700000, 0x0000000084800000, 0x0000000084800000|100%| O|  |TAMS 0x0000000084800000, 0x0000000084700000| Untracked 
|  72|0x0000000084800000, 0x0000000084900000, 0x0000000084900000|100%| O|  |TAMS 0x0000000084900000, 0x0000000084800000| Untracked 
|  73|0x0000000084900000, 0x0000000084a00000, 0x0000000084a00000|100%| O|  |TAMS 0x0000000084a00000, 0x0000000084900000| Untracked 
|  74|0x0000000084a00000, 0x0000000084b00000, 0x0000000084b00000|100%| O|  |TAMS 0x0000000084b00000, 0x0000000084a00000| Untracked 
|  75|0x0000000084b00000, 0x0000000084c00000, 0x0000000084c00000|100%| O|  |TAMS 0x0000000084c00000, 0x0000000084b00000| Untracked 
|  76|0x0000000084c00000, 0x0000000084d00000, 0x0000000084d00000|100%| O|  |TAMS 0x0000000084d00000, 0x0000000084c00000| Untracked 
|  77|0x0000000084d00000, 0x0000000084e00000, 0x0000000084e00000|100%| O|  |TAMS 0x0000000084e00000, 0x0000000084d00000| Untracked 
|  78|0x0000000084e00000, 0x0000000084f00000, 0x0000000084f00000|100%| O|  |TAMS 0x0000000084f00000, 0x0000000084e00000| Untracked 
|  79|0x0000000084f00000, 0x0000000085000000, 0x0000000085000000|100%| O|  |TAMS 0x0000000085000000, 0x0000000084f00000| Untracked 
|  80|0x0000000085000000, 0x0000000085100000, 0x0000000085100000|100%| O|  |TAMS 0x0000000085100000, 0x0000000085000000| Untracked 
|  81|0x0000000085100000, 0x0000000085200000, 0x0000000085200000|100%| O|  |TAMS 0x0000000085200000, 0x0000000085100000| Untracked 
|  82|0x0000000085200000, 0x0000000085300000, 0x0000000085300000|100%| O|  |TAMS 0x0000000085300000, 0x0000000085200000| Untracked 
|  83|0x0000000085300000, 0x0000000085400000, 0x0000000085400000|100%| O|  |TAMS 0x0000000085400000, 0x0000000085300000| Untracked 
|  84|0x0000000085400000, 0x0000000085500000, 0x0000000085500000|100%| O|  |TAMS 0x0000000085500000, 0x0000000085400000| Untracked 
|  85|0x0000000085500000, 0x0000000085600000, 0x0000000085600000|100%| O|  |TAMS 0x0000000085600000, 0x0000000085500000| Untracked 
|  86|0x0000000085600000, 0x0000000085700000, 0x0000000085700000|100%| O|  |TAMS 0x0000000085700000, 0x0000000085600000| Untracked 
|  87|0x0000000085700000, 0x0000000085800000, 0x0000000085800000|100%| O|  |TAMS 0x0000000085800000, 0x0000000085700000| Untracked 
|  88|0x0000000085800000, 0x0000000085900000, 0x0000000085900000|100%| O|  |TAMS 0x0000000085900000, 0x0000000085800000| Untracked 
|  89|0x0000000085900000, 0x0000000085a00000, 0x0000000085a00000|100%| O|  |TAMS 0x0000000085a00000, 0x0000000085900000| Untracked 
|  90|0x0000000085a00000, 0x0000000085b00000, 0x0000000085b00000|100%| O|  |TAMS 0x0000000085b00000, 0x0000000085a00000| Untracked 
|  91|0x0000000085b00000, 0x0000000085c00000, 0x0000000085c00000|100%| O|  |TAMS 0x0000000085c00000, 0x0000000085b00000| Untracked 
|  92|0x0000000085c00000, 0x0000000085d00000, 0x0000000085d00000|100%| O|  |TAMS 0x0000000085d00000, 0x0000000085c00000| Untracked 
|  93|0x0000000085d00000, 0x0000000085e00000, 0x0000000085e00000|100%| O|  |TAMS 0x0000000085e00000, 0x0000000085d00000| Untracked 
|  94|0x0000000085e00000, 0x0000000085f00000, 0x0000000085f00000|100%| O|  |TAMS 0x0000000085f00000, 0x0000000085e00000| Untracked 
|  95|0x0000000085f00000, 0x0000000086000000, 0x0000000086000000|100%| O|  |TAMS 0x0000000086000000, 0x0000000085f00000| Untracked 
|  96|0x0000000086000000, 0x0000000086100000, 0x0000000086100000|100%| O|  |TAMS 0x0000000086100000, 0x0000000086000000| Untracked 
|  97|0x0000000086100000, 0x0000000086200000, 0x0000000086200000|100%| O|  |TAMS 0x0000000086200000, 0x0000000086100000| Untracked 
|  98|0x0000000086200000, 0x0000000086300000, 0x0000000086300000|100%| O|  |TAMS 0x0000000086300000, 0x0000000086200000| Untracked 
|  99|0x0000000086300000, 0x0000000086400000, 0x0000000086400000|100%| O|  |TAMS 0x0000000086400000, 0x0000000086300000| Untracked 
| 100|0x0000000086400000, 0x0000000086500000, 0x0000000086500000|100%| O|  |TAMS 0x0000000086500000, 0x0000000086400000| Untracked 
| 101|0x0000000086500000, 0x0000000086600000, 0x0000000086600000|100%| O|  |TAMS 0x0000000086600000, 0x0000000086500000| Untracked 
| 102|0x0000000086600000, 0x0000000086700000, 0x0000000086700000|100%| O|  |TAMS 0x0000000086643800, 0x0000000086600000| Untracked 
| 103|0x0000000086700000, 0x0000000086800000, 0x0000000086800000|100%| O|  |TAMS 0x0000000086700000, 0x0000000086700000| Untracked 
| 104|0x0000000086800000, 0x0000000086900000, 0x0000000086900000|100%| O|  |TAMS 0x0000000086800000, 0x0000000086800000| Untracked 
| 105|0x0000000086900000, 0x0000000086a00000, 0x0000000086a00000|100%| O|  |TAMS 0x0000000086900000, 0x0000000086900000| Untracked 
| 106|0x0000000086a00000, 0x0000000086b00000, 0x0000000086b00000|100%| O|  |TAMS 0x0000000086a00000, 0x0000000086a00000| Untracked 
| 107|0x0000000086b00000, 0x0000000086c00000, 0x0000000086c00000|100%| O|  |TAMS 0x0000000086b00000, 0x0000000086b00000| Untracked 
| 108|0x0000000086c00000, 0x0000000086d00000, 0x0000000086d00000|100%| O|  |TAMS 0x0000000086c00000, 0x0000000086c00000| Untracked 
| 109|0x0000000086d00000, 0x0000000086e00000, 0x0000000086e00000|100%| O|  |TAMS 0x0000000086d00000, 0x0000000086d00000| Untracked 
| 110|0x0000000086e00000, 0x0000000086f00000, 0x0000000086f00000|100%| O|  |TAMS 0x0000000086e00000, 0x0000000086e00000| Untracked 
| 111|0x0000000086f00000, 0x0000000087000000, 0x0000000087000000|100%| O|  |TAMS 0x0000000086f00000, 0x0000000086f00000| Untracked 
| 112|0x0000000087000000, 0x0000000087100000, 0x0000000087100000|100%| O|  |TAMS 0x0000000087000000, 0x0000000087000000| Untracked 
| 113|0x0000000087100000, 0x0000000087200000, 0x0000000087200000|100%| O|  |TAMS 0x0000000087100000, 0x0000000087100000| Untracked 
| 114|0x0000000087200000, 0x0000000087300000, 0x0000000087300000|100%| O|  |TAMS 0x0000000087200000, 0x0000000087200000| Untracked 
| 115|0x0000000087300000, 0x0000000087400000, 0x0000000087400000|100%| O|  |TAMS 0x0000000087300000, 0x0000000087300000| Untracked 
| 116|0x0000000087400000, 0x0000000087500000, 0x0000000087500000|100%| O|  |TAMS 0x0000000087400000, 0x0000000087400000| Untracked 
| 117|0x0000000087500000, 0x0000000087600000, 0x0000000087600000|100%| O|  |TAMS 0x0000000087500000, 0x0000000087500000| Untracked 
| 118|0x0000000087600000, 0x0000000087700000, 0x0000000087700000|100%| O|  |TAMS 0x0000000087600000, 0x0000000087600000| Untracked 
| 119|0x0000000087700000, 0x0000000087800000, 0x0000000087800000|100%| O|  |TAMS 0x0000000087700000, 0x0000000087700000| Untracked 
| 120|0x0000000087800000, 0x0000000087900000, 0x0000000087900000|100%| O|  |TAMS 0x0000000087800000, 0x0000000087800000| Untracked 
| 121|0x0000000087900000, 0x0000000087a00000, 0x0000000087a00000|100%| O|  |TAMS 0x0000000087900000, 0x0000000087900000| Untracked 
| 122|0x0000000087a00000, 0x0000000087b00000, 0x0000000087b00000|100%| O|  |TAMS 0x0000000087a00000, 0x0000000087a00000| Untracked 
| 123|0x0000000087b00000, 0x0000000087c00000, 0x0000000087c00000|100%| O|  |TAMS 0x0000000087b00000, 0x0000000087b00000| Untracked 
| 124|0x0000000087c00000, 0x0000000087d00000, 0x0000000087d00000|100%| O|  |TAMS 0x0000000087c00000, 0x0000000087c00000| Untracked 
| 125|0x0000000087d00000, 0x0000000087e00000, 0x0000000087e00000|100%| O|  |TAMS 0x0000000087d00000, 0x0000000087d00000| Untracked 
| 126|0x0000000087e00000, 0x0000000087f00000, 0x0000000087f00000|100%| O|  |TAMS 0x0000000087e00000, 0x0000000087e00000| Untracked 
| 127|0x0000000087f00000, 0x0000000088000000, 0x0000000088000000|100%| O|  |TAMS 0x0000000087f00000, 0x0000000087f00000| Untracked 
| 128|0x0000000088000000, 0x0000000088100000, 0x0000000088100000|100%| O|  |TAMS 0x0000000088000000, 0x0000000088000000| Untracked 
| 129|0x0000000088100000, 0x0000000088200000, 0x0000000088200000|100%| O|  |TAMS 0x0000000088100000, 0x0000000088100000| Untracked 
| 130|0x0000000088200000, 0x0000000088300000, 0x0000000088300000|100%| O|  |TAMS 0x0000000088200000, 0x0000000088200000| Untracked 
| 131|0x0000000088300000, 0x0000000088400000, 0x0000000088400000|100%| O|  |TAMS 0x0000000088300000, 0x0000000088300000| Untracked 
| 132|0x0000000088400000, 0x0000000088500000, 0x0000000088500000|100%| O|  |TAMS 0x0000000088400000, 0x0000000088400000| Untracked 
| 133|0x0000000088500000, 0x0000000088600000, 0x0000000088600000|100%| O|  |TAMS 0x0000000088500000, 0x0000000088500000| Untracked 
| 134|0x0000000088600000, 0x0000000088700000, 0x0000000088700000|100%| O|  |TAMS 0x0000000088600000, 0x0000000088600000| Untracked 
| 135|0x0000000088700000, 0x0000000088800000, 0x0000000088800000|100%| O|  |TAMS 0x0000000088700000, 0x0000000088700000| Untracked 
| 136|0x0000000088800000, 0x0000000088900000, 0x0000000088900000|100%| O|  |TAMS 0x0000000088800000, 0x0000000088800000| Untracked 
| 137|0x0000000088900000, 0x0000000088a00000, 0x0000000088a00000|100%| O|  |TAMS 0x0000000088900000, 0x0000000088900000| Untracked 
| 138|0x0000000088a00000, 0x0000000088b00000, 0x0000000088b00000|100%| O|  |TAMS 0x0000000088a00000, 0x0000000088a00000| Untracked 
| 139|0x0000000088b00000, 0x0000000088c00000, 0x0000000088c00000|100%| O|  |TAMS 0x0000000088b00000, 0x0000000088b00000| Untracked 
| 140|0x0000000088c00000, 0x0000000088d00000, 0x0000000088d00000|100%| O|  |TAMS 0x0000000088c00000, 0x0000000088c00000| Untracked 
| 141|0x0000000088d00000, 0x0000000088e00000, 0x0000000088e00000|100%| O|  |TAMS 0x0000000088d00000, 0x0000000088d00000| Untracked 
| 142|0x0000000088e00000, 0x0000000088f00000, 0x0000000088f00000|100%| O|  |TAMS 0x0000000088e00000, 0x0000000088e00000| Untracked 
| 143|0x0000000088f00000, 0x0000000089000000, 0x0000000089000000|100%|HS|  |TAMS 0x0000000088f00000, 0x0000000088f00000| Complete 
| 144|0x0000000089000000, 0x0000000089100000, 0x0000000089100000|100%| O|  |TAMS 0x0000000089000000, 0x0000000089000000| Untracked 
| 145|0x0000000089100000, 0x0000000089200000, 0x0000000089200000|100%| O|  |TAMS 0x0000000089100000, 0x0000000089100000| Untracked 
| 146|0x0000000089200000, 0x0000000089300000, 0x0000000089300000|100%| O|  |TAMS 0x0000000089200000, 0x0000000089200000| Untracked 
| 147|0x0000000089300000, 0x0000000089400000, 0x0000000089400000|100%| O|  |TAMS 0x0000000089300000, 0x0000000089300000| Untracked 
| 148|0x0000000089400000, 0x0000000089500000, 0x0000000089500000|100%| O|  |TAMS 0x0000000089400000, 0x0000000089400000| Untracked 
| 149|0x0000000089500000, 0x0000000089600000, 0x0000000089600000|100%| O|  |TAMS 0x0000000089500000, 0x0000000089500000| Untracked 
| 150|0x0000000089600000, 0x0000000089700000, 0x0000000089700000|100%| O|  |TAMS 0x0000000089600000, 0x0000000089600000| Untracked 
| 151|0x0000000089700000, 0x0000000089800000, 0x0000000089800000|100%| O|  |TAMS 0x0000000089700000, 0x0000000089700000| Untracked 
| 152|0x0000000089800000, 0x0000000089900000, 0x0000000089900000|100%| O|  |TAMS 0x0000000089800000, 0x0000000089800000| Untracked 
| 153|0x0000000089900000, 0x0000000089a00000, 0x0000000089a00000|100%| O|  |TAMS 0x0000000089900000, 0x0000000089900000| Untracked 
| 154|0x0000000089a00000, 0x0000000089b00000, 0x0000000089b00000|100%| O|  |TAMS 0x0000000089a00000, 0x0000000089a00000| Untracked 
| 155|0x0000000089b00000, 0x0000000089ba4c00, 0x0000000089c00000| 64%| O|  |TAMS 0x0000000089b00000, 0x0000000089b00000| Untracked 
| 156|0x0000000089c00000, 0x0000000089d00000, 0x0000000089d00000|100%|HS|  |TAMS 0x0000000089c00000, 0x0000000089c00000| Complete 
| 157|0x0000000089d00000, 0x0000000089e00000, 0x0000000089e00000|100%|HS|  |TAMS 0x0000000089d00000, 0x0000000089d00000| Complete 
| 158|0x0000000089e00000, 0x0000000089f00000, 0x0000000089f00000|100%|HC|  |TAMS 0x0000000089e00000, 0x0000000089e00000| Complete 
| 159|0x0000000089f00000, 0x000000008a000000, 0x000000008a000000|100%| O|  |TAMS 0x0000000089f00000, 0x0000000089f00000| Untracked 
| 160|0x000000008a000000, 0x000000008a100000, 0x000000008a100000|100%| O|  |TAMS 0x000000008a000000, 0x000000008a000000| Untracked 
| 161|0x000000008a100000, 0x000000008a200000, 0x000000008a200000|100%| O|  |TAMS 0x000000008a100000, 0x000000008a100000| Untracked 
| 162|0x000000008a200000, 0x000000008a300000, 0x000000008a300000|100%| O|  |TAMS 0x000000008a200000, 0x000000008a200000| Untracked 
| 163|0x000000008a300000, 0x000000008a400000, 0x000000008a400000|100%| O|  |TAMS 0x000000008a300000, 0x000000008a300000| Untracked 
| 164|0x000000008a400000, 0x000000008a500000, 0x000000008a500000|100%| O|  |TAMS 0x000000008a400000, 0x000000008a400000| Untracked 
| 165|0x000000008a500000, 0x000000008a600000, 0x000000008a600000|100%| O|  |TAMS 0x000000008a500000, 0x000000008a500000| Untracked 
| 166|0x000000008a600000, 0x000000008a700000, 0x000000008a700000|100%| O|  |TAMS 0x000000008a600000, 0x000000008a600000| Untracked 
| 167|0x000000008a700000, 0x000000008a800000, 0x000000008a800000|100%| O|  |TAMS 0x000000008a700000, 0x000000008a700000| Untracked 
| 168|0x000000008a800000, 0x000000008a900000, 0x000000008a900000|100%|HS|  |TAMS 0x000000008a800000, 0x000000008a800000| Complete 
| 169|0x000000008a900000, 0x000000008aa00000, 0x000000008aa00000|100%|HC|  |TAMS 0x000000008a900000, 0x000000008a900000| Complete 
| 170|0x000000008aa00000, 0x000000008ab00000, 0x000000008ab00000|100%|HC|  |TAMS 0x000000008aa00000, 0x000000008aa00000| Complete 
| 171|0x000000008ab00000, 0x000000008ac00000, 0x000000008ac00000|100%|HC|  |TAMS 0x000000008ab00000, 0x000000008ab00000| Complete 
| 172|0x000000008ac00000, 0x000000008ad00000, 0x000000008ad00000|100%|HS|  |TAMS 0x000000008ac00000, 0x000000008ac00000| Complete 
| 173|0x000000008ad00000, 0x000000008ae00000, 0x000000008ae00000|100%|HC|  |TAMS 0x000000008ad00000, 0x000000008ad00000| Complete 
| 174|0x000000008ae00000, 0x000000008af00000, 0x000000008af00000|100%|HS|  |TAMS 0x000000008ae00000, 0x000000008ae00000| Complete 
| 175|0x000000008af00000, 0x000000008b000000, 0x000000008b000000|100%|HC|  |TAMS 0x000000008af00000, 0x000000008af00000| Complete 
| 176|0x000000008b000000, 0x000000008b100000, 0x000000008b100000|100%|HC|  |TAMS 0x000000008b000000, 0x000000008b000000| Complete 
| 177|0x000000008b100000, 0x000000008b200000, 0x000000008b200000|100%|HS|  |TAMS 0x000000008b100000, 0x000000008b100000| Complete 
| 178|0x000000008b200000, 0x000000008b300000, 0x000000008b300000|100%|HC|  |TAMS 0x000000008b200000, 0x000000008b200000| Complete 
| 179|0x000000008b300000, 0x000000008b400000, 0x000000008b400000|100%|HC|  |TAMS 0x000000008b300000, 0x000000008b300000| Complete 
| 180|0x000000008b400000, 0x000000008b400000, 0x000000008b500000|  0%| F|  |TAMS 0x000000008b400000, 0x000000008b400000| Untracked 
| 181|0x000000008b500000, 0x000000008b500000, 0x000000008b600000|  0%| F|  |TAMS 0x000000008b500000, 0x000000008b500000| Untracked 
| 182|0x000000008b600000, 0x000000008b600000, 0x000000008b700000|  0%| F|  |TAMS 0x000000008b600000, 0x000000008b600000| Untracked 
| 183|0x000000008b700000, 0x000000008b700000, 0x000000008b800000|  0%| F|  |TAMS 0x000000008b700000, 0x000000008b700000| Untracked 
| 184|0x000000008b800000, 0x000000008b800000, 0x000000008b900000|  0%| F|  |TAMS 0x000000008b800000, 0x000000008b800000| Untracked 
| 185|0x000000008b900000, 0x000000008b900000, 0x000000008ba00000|  0%| F|  |TAMS 0x000000008b900000, 0x000000008b900000| Untracked 
| 186|0x000000008ba00000, 0x000000008ba00000, 0x000000008bb00000|  0%| F|  |TAMS 0x000000008ba00000, 0x000000008ba00000| Untracked 
| 187|0x000000008bb00000, 0x000000008bb00000, 0x000000008bc00000|  0%| F|  |TAMS 0x000000008bb00000, 0x000000008bb00000| Untracked 
| 188|0x000000008bc00000, 0x000000008bc00000, 0x000000008bd00000|  0%| F|  |TAMS 0x000000008bc00000, 0x000000008bc00000| Untracked 
| 189|0x000000008bd00000, 0x000000008bd00000, 0x000000008be00000|  0%| F|  |TAMS 0x000000008bd00000, 0x000000008bd00000| Untracked 
| 190|0x000000008be00000, 0x000000008be00000, 0x000000008bf00000|  0%| F|  |TAMS 0x000000008be00000, 0x000000008be00000| Untracked 
| 191|0x000000008bf00000, 0x000000008bf00000, 0x000000008c000000|  0%| F|  |TAMS 0x000000008bf00000, 0x000000008bf00000| Untracked 
| 192|0x000000008c000000, 0x000000008c000000, 0x000000008c100000|  0%| F|  |TAMS 0x000000008c000000, 0x000000008c000000| Untracked 
| 193|0x000000008c100000, 0x000000008c100000, 0x000000008c200000|  0%| F|  |TAMS 0x000000008c100000, 0x000000008c100000| Untracked 
| 194|0x000000008c200000, 0x000000008c200000, 0x000000008c300000|  0%| F|  |TAMS 0x000000008c200000, 0x000000008c200000| Untracked 
| 195|0x000000008c300000, 0x000000008c300000, 0x000000008c400000|  0%| F|  |TAMS 0x000000008c300000, 0x000000008c300000| Untracked 
| 196|0x000000008c400000, 0x000000008c400000, 0x000000008c500000|  0%| F|  |TAMS 0x000000008c400000, 0x000000008c400000| Untracked 
| 197|0x000000008c500000, 0x000000008c500000, 0x000000008c600000|  0%| F|  |TAMS 0x000000008c500000, 0x000000008c500000| Untracked 
| 198|0x000000008c600000, 0x000000008c600000, 0x000000008c700000|  0%| F|  |TAMS 0x000000008c600000, 0x000000008c600000| Untracked 
| 199|0x000000008c700000, 0x000000008c700000, 0x000000008c800000|  0%| F|  |TAMS 0x000000008c700000, 0x000000008c700000| Untracked 
| 200|0x000000008c800000, 0x000000008c800000, 0x000000008c900000|  0%| F|  |TAMS 0x000000008c800000, 0x000000008c800000| Untracked 
| 201|0x000000008c900000, 0x000000008c900000, 0x000000008ca00000|  0%| F|  |TAMS 0x000000008c900000, 0x000000008c900000| Untracked 
| 202|0x000000008ca00000, 0x000000008ca00000, 0x000000008cb00000|  0%| F|  |TAMS 0x000000008ca00000, 0x000000008ca00000| Untracked 
| 203|0x000000008cb00000, 0x000000008cb00000, 0x000000008cc00000|  0%| F|  |TAMS 0x000000008cb00000, 0x000000008cb00000| Untracked 
| 204|0x000000008cc00000, 0x000000008cc00000, 0x000000008cd00000|  0%| F|  |TAMS 0x000000008cc00000, 0x000000008cc00000| Untracked 
| 205|0x000000008cd00000, 0x000000008cd00000, 0x000000008ce00000|  0%| F|  |TAMS 0x000000008cd00000, 0x000000008cd00000| Untracked 
| 206|0x000000008ce00000, 0x000000008ce00000, 0x000000008cf00000|  0%| F|  |TAMS 0x000000008ce00000, 0x000000008ce00000| Untracked 
| 207|0x000000008cf00000, 0x000000008cf00000, 0x000000008d000000|  0%| F|  |TAMS 0x000000008cf00000, 0x000000008cf00000| Untracked 
| 208|0x000000008d000000, 0x000000008d000000, 0x000000008d100000|  0%| F|  |TAMS 0x000000008d000000, 0x000000008d000000| Untracked 
| 209|0x000000008d100000, 0x000000008d100000, 0x000000008d200000|  0%| F|  |TAMS 0x000000008d100000, 0x000000008d100000| Untracked 
| 210|0x000000008d200000, 0x000000008d200000, 0x000000008d300000|  0%| F|  |TAMS 0x000000008d200000, 0x000000008d200000| Untracked 
| 211|0x000000008d300000, 0x000000008d300000, 0x000000008d400000|  0%| F|  |TAMS 0x000000008d300000, 0x000000008d300000| Untracked 
| 212|0x000000008d400000, 0x000000008d4cdb00, 0x000000008d500000| 80%| S|CS|TAMS 0x000000008d400000, 0x000000008d400000| Complete 
| 213|0x000000008d500000, 0x000000008d600000, 0x000000008d600000|100%| S|CS|TAMS 0x000000008d500000, 0x000000008d500000| Complete 
| 214|0x000000008d600000, 0x000000008d700000, 0x000000008d700000|100%| S|CS|TAMS 0x000000008d600000, 0x000000008d600000| Complete 
| 215|0x000000008d700000, 0x000000008d800000, 0x000000008d800000|100%| S|CS|TAMS 0x000000008d700000, 0x000000008d700000| Complete 
| 216|0x000000008d800000, 0x000000008d900000, 0x000000008d900000|100%| S|CS|TAMS 0x000000008d800000, 0x000000008d800000| Complete 
| 217|0x000000008d900000, 0x000000008da00000, 0x000000008da00000|100%| S|CS|TAMS 0x000000008d900000, 0x000000008d900000| Complete 
| 218|0x000000008da00000, 0x000000008db00000, 0x000000008db00000|100%| S|CS|TAMS 0x000000008da00000, 0x000000008da00000| Complete 
| 219|0x000000008db00000, 0x000000008db00000, 0x000000008dc00000|  0%| F|  |TAMS 0x000000008db00000, 0x000000008db00000| Untracked 
| 220|0x000000008dc00000, 0x000000008dc00000, 0x000000008dd00000|  0%| F|  |TAMS 0x000000008dc00000, 0x000000008dc00000| Untracked 
| 221|0x000000008dd00000, 0x000000008dd00000, 0x000000008de00000|  0%| F|  |TAMS 0x000000008dd00000, 0x000000008dd00000| Untracked 
| 222|0x000000008de00000, 0x000000008de00000, 0x000000008df00000|  0%| F|  |TAMS 0x000000008de00000, 0x000000008de00000| Untracked 
| 223|0x000000008df00000, 0x000000008df00000, 0x000000008e000000|  0%| F|  |TAMS 0x000000008df00000, 0x000000008df00000| Untracked 
| 224|0x000000008e000000, 0x000000008e000000, 0x000000008e100000|  0%| F|  |TAMS 0x000000008e000000, 0x000000008e000000| Untracked 
| 225|0x000000008e100000, 0x000000008e100000, 0x000000008e200000|  0%| F|  |TAMS 0x000000008e100000, 0x000000008e100000| Untracked 
| 226|0x000000008e200000, 0x000000008e200000, 0x000000008e300000|  0%| F|  |TAMS 0x000000008e200000, 0x000000008e200000| Untracked 
| 227|0x000000008e300000, 0x000000008e300000, 0x000000008e400000|  0%| F|  |TAMS 0x000000008e300000, 0x000000008e300000| Untracked 
| 228|0x000000008e400000, 0x000000008e400000, 0x000000008e500000|  0%| F|  |TAMS 0x000000008e400000, 0x000000008e400000| Untracked 
| 229|0x000000008e500000, 0x000000008e500000, 0x000000008e600000|  0%| F|  |TAMS 0x000000008e500000, 0x000000008e500000| Untracked 
| 230|0x000000008e600000, 0x000000008e600000, 0x000000008e700000|  0%| F|  |TAMS 0x000000008e600000, 0x000000008e600000| Untracked 
| 231|0x000000008e700000, 0x000000008e700000, 0x000000008e800000|  0%| F|  |TAMS 0x000000008e700000, 0x000000008e700000| Untracked 
| 232|0x000000008e800000, 0x000000008e800000, 0x000000008e900000|  0%| F|  |TAMS 0x000000008e800000, 0x000000008e800000| Untracked 
| 233|0x000000008e900000, 0x000000008e900000, 0x000000008ea00000|  0%| F|  |TAMS 0x000000008e900000, 0x000000008e900000| Untracked 
| 234|0x000000008ea00000, 0x000000008ea00000, 0x000000008eb00000|  0%| F|  |TAMS 0x000000008ea00000, 0x000000008ea00000| Untracked 
| 235|0x000000008eb00000, 0x000000008eb00000, 0x000000008ec00000|  0%| F|  |TAMS 0x000000008eb00000, 0x000000008eb00000| Untracked 
| 236|0x000000008ec00000, 0x000000008ec00000, 0x000000008ed00000|  0%| F|  |TAMS 0x000000008ec00000, 0x000000008ec00000| Untracked 
| 237|0x000000008ed00000, 0x000000008ed00000, 0x000000008ee00000|  0%| F|  |TAMS 0x000000008ed00000, 0x000000008ed00000| Untracked 
| 238|0x000000008ee00000, 0x000000008ee00000, 0x000000008ef00000|  0%| F|  |TAMS 0x000000008ee00000, 0x000000008ee00000| Untracked 
| 239|0x000000008ef00000, 0x000000008ef00000, 0x000000008f000000|  0%| F|  |TAMS 0x000000008ef00000, 0x000000008ef00000| Untracked 
| 240|0x000000008f000000, 0x000000008f000000, 0x000000008f100000|  0%| F|  |TAMS 0x000000008f000000, 0x000000008f000000| Untracked 
| 241|0x000000008f100000, 0x000000008f100000, 0x000000008f200000|  0%| F|  |TAMS 0x000000008f100000, 0x000000008f100000| Untracked 
| 242|0x000000008f200000, 0x000000008f200000, 0x000000008f300000|  0%| F|  |TAMS 0x000000008f200000, 0x000000008f200000| Untracked 
| 243|0x000000008f300000, 0x000000008f300000, 0x000000008f400000|  0%| F|  |TAMS 0x000000008f300000, 0x000000008f300000| Untracked 
| 244|0x000000008f400000, 0x000000008f400000, 0x000000008f500000|  0%| F|  |TAMS 0x000000008f400000, 0x000000008f400000| Untracked 
| 245|0x000000008f500000, 0x000000008f500000, 0x000000008f600000|  0%| F|  |TAMS 0x000000008f500000, 0x000000008f500000| Untracked 
| 246|0x000000008f600000, 0x000000008f600000, 0x000000008f700000|  0%| F|  |TAMS 0x000000008f600000, 0x000000008f600000| Untracked 
| 247|0x000000008f700000, 0x000000008f798200, 0x000000008f800000| 59%| E|  |TAMS 0x000000008f700000, 0x000000008f700000| Complete 
| 248|0x000000008f800000, 0x000000008f900000, 0x000000008f900000|100%| E|CS|TAMS 0x000000008f800000, 0x000000008f800000| Complete 
| 249|0x000000008f900000, 0x000000008fa00000, 0x000000008fa00000|100%| E|CS|TAMS 0x000000008f900000, 0x000000008f900000| Complete 
| 250|0x000000008fa00000, 0x000000008fb00000, 0x000000008fb00000|100%| E|CS|TAMS 0x000000008fa00000, 0x000000008fa00000| Complete 
| 251|0x000000008fb00000, 0x000000008fc00000, 0x000000008fc00000|100%| E|CS|TAMS 0x000000008fb00000, 0x000000008fb00000| Complete 
| 252|0x000000008fc00000, 0x000000008fd00000, 0x000000008fd00000|100%| E|CS|TAMS 0x000000008fc00000, 0x000000008fc00000| Complete 
| 253|0x000000008fd00000, 0x000000008fe00000, 0x000000008fe00000|100%| E|CS|TAMS 0x000000008fd00000, 0x000000008fd00000| Complete 
| 254|0x000000008fe00000, 0x000000008ff00000, 0x000000008ff00000|100%| E|CS|TAMS 0x000000008fe00000, 0x000000008fe00000| Complete 
| 255|0x000000008ff00000, 0x0000000090000000, 0x0000000090000000|100%| E|CS|TAMS 0x000000008ff00000, 0x000000008ff00000| Complete 
| 256|0x0000000090000000, 0x0000000090100000, 0x0000000090100000|100%| E|CS|TAMS 0x0000000090000000, 0x0000000090000000| Complete 
| 257|0x0000000090100000, 0x0000000090200000, 0x0000000090200000|100%| E|CS|TAMS 0x0000000090100000, 0x0000000090100000| Complete 
| 258|0x0000000090200000, 0x0000000090300000, 0x0000000090300000|100%| E|CS|TAMS 0x0000000090200000, 0x0000000090200000| Complete 
| 259|0x0000000090300000, 0x0000000090400000, 0x0000000090400000|100%| E|CS|TAMS 0x0000000090300000, 0x0000000090300000| Complete 
| 260|0x0000000090400000, 0x0000000090500000, 0x0000000090500000|100%| E|CS|TAMS 0x0000000090400000, 0x0000000090400000| Complete 
| 261|0x0000000090500000, 0x0000000090600000, 0x0000000090600000|100%| E|CS|TAMS 0x0000000090500000, 0x0000000090500000| Complete 
| 262|0x0000000090600000, 0x0000000090700000, 0x0000000090700000|100%| E|CS|TAMS 0x0000000090600000, 0x0000000090600000| Complete 
| 263|0x0000000090700000, 0x0000000090800000, 0x0000000090800000|100%| E|CS|TAMS 0x0000000090700000, 0x0000000090700000| Complete 

Card table byte_map: [0x000002b79f3e0000,0x000002b79f7e0000] _byte_map_base: 0x000002b79efe0000

Marking Bits (Prev, Next): (CMBitMap*) 0x000002b78a448188, (CMBitMap*) 0x000002b78a4481c0
 Prev Bits: [0x000002b79fbe0000, 0x000002b7a1be0000)
 Next Bits: [0x000002b7a1be0000, 0x000002b7a3be0000)

Polling page: 0x000002b78a4f0000

Metaspace:

Usage:
  Non-class:    100.98 MB capacity,    99.14 MB ( 98%) used,     1.55 MB (  2%) free+waste,   304.19 KB ( <1%) overhead. 
      Class:     14.66 MB capacity,    13.66 MB ( 93%) used,   887.65 KB (  6%) free+waste,   135.69 KB ( <1%) overhead. 
       Both:    115.64 MB capacity,   112.80 MB ( 98%) used,     2.41 MB (  2%) free+waste,   439.88 KB ( <1%) overhead. 

Virtual space:
  Non-class space:      102.00 MB reserved,     101.18 MB (>99%) committed 
      Class space:        1.00 GB reserved,      14.77 MB (  1%) committed 
             Both:        1.10 GB reserved,     115.95 MB ( 10%) committed 

Chunk freelists:
   Non-Class:  4.00 KB
       Class:  0 bytes
        Both:  4.00 KB

MaxMetaspaceSize: 17179869184.00 GB
CompressedClassSpaceSize: 1.00 GB

CodeHeap 'non-profiled nmethods': size=120000Kb used=11407Kb max_used=12188Kb free=108592Kb
 bounds [0x000002b797030000, 0x000002b797c50000, 0x000002b79e560000]
CodeHeap 'profiled nmethods': size=120000Kb used=30426Kb max_used=36457Kb free=89573Kb
 bounds [0x000002b78fb00000, 0x000002b791eb0000, 0x000002b797030000]
CodeHeap 'non-nmethods': size=5760Kb used=2407Kb max_used=2473Kb free=3352Kb
 bounds [0x000002b78f560000, 0x000002b78f7d0000, 0x000002b78fb00000]
 total_blobs=15656 nmethods=14593 adapters=973
 compilation: enabled
              stopped_count=0, restarted_count=0
 full_count=0

Compilation events (20 events):
Event: 303.335 Thread 0x000002b7a66e0800 18516       2       com.google.common.collect.ImmutableMap::of (4 bytes)
Event: 303.336 Thread 0x000002b7a66e0800 nmethod 18516 0x000002b78fb5f790 code [0x000002b78fb5f940, 0x000002b78fb5fa18]
Event: 303.336 Thread 0x000002b7a66e0800 18517       2       org.gradle.internal.snapshot.impl.IsolatedSerializedValueSnapshot::isolate (9 bytes)
Event: 303.336 Thread 0x000002b7a66e0800 nmethod 18517 0x000002b78fb62b90 code [0x000002b78fb62d40, 0x000002b78fb62e48]
Event: 303.464 Thread 0x000002b7a66e0800 18518   !   2       java.util.concurrent.FutureTask::runAndReset (125 bytes)
Event: 303.477 Thread 0x000002b7a66e0800 nmethod 18518 0x000002b790005890 code [0x000002b790005b20, 0x000002b790006578]
Event: 303.477 Thread 0x000002b7a66e0800 18519       2       java.util.concurrent.ScheduledThreadPoolExecutor$ScheduledFutureTask::setNextRunTime (38 bytes)
Event: 303.478 Thread 0x000002b7a66e0800 nmethod 18519 0x000002b78fbb9a10 code [0x000002b78fbb9bc0, 0x000002b78fbb9dc8]
Event: 303.478 Thread 0x000002b7a66e0800 18520       2       java.util.concurrent.ScheduledThreadPoolExecutor::reExecutePeriodic (49 bytes)
Event: 303.479 Thread 0x000002b7a66e0800 nmethod 18520 0x000002b78fc56b10 code [0x000002b78fc56d20, 0x000002b78fc56f68]
Event: 303.618 Thread 0x000002b7a66e0800 18521       2       org.gradle.api.internal.provider.ValidatingValueCollector::add (76 bytes)
Event: 303.627 Thread 0x000002b7a66e0800 nmethod 18521 0x000002b78ffb3e90 code [0x000002b78ffb4120, 0x000002b78ffb49f8]
Event: 303.627 Thread 0x000002b7a66e0800 18522       2       java.util.HashMap::capacity (32 bytes)
Event: 303.628 Thread 0x000002b7a66e0800 nmethod 18522 0x000002b78fb6ef10 code [0x000002b78fb6f0c0, 0x000002b78fb6f1f8]
Event: 303.637 Thread 0x000002b7a66e0800 18523       2       kotlin.text.StringsKt__StringsKt::substringAfter$default (15 bytes)
Event: 303.637 Thread 0x000002b7a66e0800 nmethod 18523 0x000002b78fb73c10 code [0x000002b78fb73dc0, 0x000002b78fb73ec8]
Event: 303.637 Thread 0x000002b7a66e0800 18524       2       kotlin.text.StringsKt__StringsKt::substringAfter (81 bytes)
Event: 303.639 Thread 0x000002b7a66e0800 nmethod 18524 0x000002b78fc65f90 code [0x000002b78fc66180, 0x000002b78fc663d8]
Event: 303.705 Thread 0x000002b7a66d8000 nmethod 18482 0x000002b79771f290 code [0x000002b79771f680, 0x000002b7977240d8]
Event: 303.706 Thread 0x000002b7a66d8000 18486   !   4       java.io.ObjectInputStream::readObject0 (671 bytes)

GC Heap History (20 events):
Event: 158.907 GC heap before
{Heap before GC invocations=86 (full 0):
 garbage-first heap   total 187392K, used 163876K [0x0000000080000000, 0x0000000100000000)
  region size 1024K, 31 young (31744K), 3 survivors (3072K)
 Metaspace       used 109460K, capacity 112318K, committed 112588K, reserved 1146880K
  class space    used 13491K, capacity 14516K, committed 14616K, reserved 1048576K
}
Event: 158.912 GC heap after
{Heap after GC invocations=87 (full 0):
 garbage-first heap   total 187392K, used 136163K [0x0000000080000000, 0x0000000100000000)
  region size 1024K, 3 young (3072K), 3 survivors (3072K)
 Metaspace       used 109460K, capacity 112318K, committed 112588K, reserved 1146880K
  class space    used 13491K, capacity 14516K, committed 14616K, reserved 1048576K
}
Event: 159.325 GC heap before
{Heap before GC invocations=87 (full 0):
 garbage-first heap   total 187392K, used 163811K [0x0000000080000000, 0x0000000100000000)
  region size 1024K, 30 young (30720K), 3 survivors (3072K)
 Metaspace       used 109471K, capacity 112324K, committed 112588K, reserved 1146880K
  class space    used 13493K, capacity 14518K, committed 14616K, reserved 1048576K
}
Event: 159.333 GC heap after
{Heap after GC invocations=88 (full 0):
 garbage-first heap   total 187392K, used 137376K [0x0000000080000000, 0x0000000100000000)
  region size 1024K, 3 young (3072K), 3 survivors (3072K)
 Metaspace       used 109471K, capacity 112324K, committed 112588K, reserved 1146880K
  class space    used 13493K, capacity 14518K, committed 14616K, reserved 1048576K
}
Event: 160.430 GC heap before
{Heap before GC invocations=88 (full 0):
 garbage-first heap   total 187392K, used 162976K [0x0000000080000000, 0x0000000100000000)
  region size 1024K, 29 young (29696K), 3 survivors (3072K)
 Metaspace       used 109471K, capacity 112324K, committed 112588K, reserved 1146880K
  class space    used 13493K, capacity 14518K, committed 14616K, reserved 1048576K
}
Event: 160.448 GC heap after
{Heap after GC invocations=89 (full 0):
 garbage-first heap   total 225280K, used 137168K [0x0000000080000000, 0x0000000100000000)
  region size 1024K, 2 young (2048K), 2 survivors (2048K)
 Metaspace       used 109471K, capacity 112324K, committed 112588K, reserved 1146880K
  class space    used 13493K, capacity 14518K, committed 14616K, reserved 1048576K
}
Event: 167.064 GC heap before
{Heap before GC invocations=89 (full 0):
 garbage-first heap   total 225280K, used 180176K [0x0000000080000000, 0x0000000100000000)
  region size 1024K, 45 young (46080K), 2 survivors (2048K)
 Metaspace       used 109831K, capacity 112626K, committed 112844K, reserved 1146880K
  class space    used 13526K, capacity 14525K, committed 14616K, reserved 1048576K
}
Event: 167.083 GC heap after
{Heap after GC invocations=90 (full 0):
 garbage-first heap   total 225280K, used 139332K [0x0000000080000000, 0x0000000100000000)
  region size 1024K, 5 young (5120K), 5 survivors (5120K)
 Metaspace       used 109831K, capacity 112626K, committed 112844K, reserved 1146880K
  class space    used 13526K, capacity 14525K, committed 14616K, reserved 1048576K
}
Event: 172.083 GC heap before
{Heap before GC invocations=90 (full 0):
 garbage-first heap   total 225280K, used 181316K [0x0000000080000000, 0x0000000100000000)
  region size 1024K, 47 young (48128K), 5 survivors (5120K)
 Metaspace       used 111026K, capacity 113841K, committed 113996K, reserved 1148928K
  class space    used 13631K, capacity 14635K, committed 14744K, reserved 1048576K
}
Event: 172.112 GC heap after
{Heap after GC invocations=91 (full 0):
 garbage-first heap   total 225280K, used 140631K [0x0000000080000000, 0x0000000100000000)
  region size 1024K, 4 young (4096K), 4 survivors (4096K)
 Metaspace       used 111026K, capacity 113841K, committed 113996K, reserved 1148928K
  class space    used 13631K, capacity 14635K, committed 14744K, reserved 1048576K
}
Event: 178.009 GC heap before
{Heap before GC invocations=91 (full 0):
 garbage-first heap   total 225280K, used 185687K [0x0000000080000000, 0x0000000100000000)
  region size 1024K, 48 young (49152K), 4 survivors (4096K)
 Metaspace       used 111217K, capacity 113972K, committed 114252K, reserved 1148928K
  class space    used 13631K, capacity 14635K, committed 14744K, reserved 1048576K
}
Event: 178.065 GC heap after
{Heap after GC invocations=92 (full 0):
 garbage-first heap   total 225280K, used 143433K [0x0000000080000000, 0x0000000100000000)
  region size 1024K, 5 young (5120K), 5 survivors (5120K)
 Metaspace       used 111217K, capacity 113972K, committed 114252K, reserved 1148928K
  class space    used 13631K, capacity 14635K, committed 14744K, reserved 1048576K
}
Event: 206.369 GC heap before
{Heap before GC invocations=92 (full 0):
 garbage-first heap   total 225280K, used 186441K [0x0000000080000000, 0x0000000100000000)
  region size 1024K, 48 young (49152K), 5 survivors (5120K)
 Metaspace       used 111311K, capacity 114100K, committed 114252K, reserved 1148928K
  class space    used 13631K, capacity 14635K, committed 14744K, reserved 1048576K
}
Event: 206.652 GC heap after
{Heap after GC invocations=93 (full 0):
 garbage-first heap   total 270336K, used 149692K [0x0000000080000000, 0x0000000100000000)
  region size 1024K, 6 young (6144K), 6 survivors (6144K)
 Metaspace       used 111311K, capacity 114100K, committed 114252K, reserved 1148928K
  class space    used 13631K, capacity 14635K, committed 14744K, reserved 1048576K
}
Event: 260.283 GC heap before
{Heap before GC invocations=93 (full 0):
 garbage-first heap   total 270336K, used 212156K [0x0000000080000000, 0x0000000100000000)
  region size 1024K, 65 young (66560K), 6 survivors (6144K)
 Metaspace       used 111800K, capacity 114621K, committed 114764K, reserved 1148928K
  class space    used 13674K, capacity 14696K, committed 14744K, reserved 1048576K
}
Event: 260.515 GC heap after
{Heap after GC invocations=94 (full 0):
 garbage-first heap   total 270336K, used 162500K [0x0000000080000000, 0x0000000100000000)
  region size 1024K, 9 young (9216K), 9 survivors (9216K)
 Metaspace       used 111800K, capacity 114621K, committed 114764K, reserved 1148928K
  class space    used 13674K, capacity 14696K, committed 14744K, reserved 1048576K
}
Event: 285.388 GC heap before
{Heap before GC invocations=94 (full 0):
 garbage-first heap   total 270336K, used 223940K [0x0000000080000000, 0x0000000100000000)
  region size 1024K, 61 young (62464K), 9 survivors (9216K)
 Metaspace       used 114866K, capacity 117754K, committed 117836K, reserved 1153024K
  class space    used 13955K, capacity 14968K, committed 15000K, reserved 1048576K
}
Event: 285.470 GC heap after
{Heap after GC invocations=95 (full 0):
 garbage-first heap   total 270336K, used 170319K [0x0000000080000000, 0x0000000100000000)
  region size 1024K, 7 young (7168K), 7 survivors (7168K)
 Metaspace       used 114866K, capacity 117754K, committed 117836K, reserved 1153024K
  class space    used 13955K, capacity 14968K, committed 15000K, reserved 1048576K
}
Event: 294.697 GC heap before
{Heap before GC invocations=95 (full 0):
 garbage-first heap   total 270336K, used 215375K [0x0000000080000000, 0x0000000100000000)
  region size 1024K, 52 young (53248K), 7 survivors (7168K)
 Metaspace       used 115014K, capacity 117924K, committed 118220K, reserved 1153024K
  class space    used 13959K, capacity 15003K, committed 15128K, reserved 1048576K
}
Event: 294.777 GC heap after
{Heap after GC invocations=96 (full 0):
 garbage-first heap   total 270336K, used 175561K [0x0000000080000000, 0x0000000100000000)
  region size 1024K, 7 young (7168K), 7 survivors (7168K)
 Metaspace       used 115014K, capacity 117924K, committed 118220K, reserved 1153024K
  class space    used 13959K, capacity 15003K, committed 15128K, reserved 1048576K
}

Deoptimization events (20 events):
Event: 302.303 Thread 0x000002b7a954b800 Uncommon trap: trap_request=0xffffff6e fr.pc=0x000002b79778f16c relative=0x00000000000056ac
Event: 302.303 Thread 0x000002b7a954b800 Uncommon trap: reason=speculate_class_check action=maybe_recompile pc=0x000002b79778f16c method=java.io.ObjectInputStream.readNonProxyDesc(Z)Ljava/io/ObjectStreamClass; @ 53 c2
Event: 302.303 Thread 0x000002b7a954b800 DEOPT PACKING pc=0x000002b79778f16c sp=0x000000ba1d2fd720
Event: 302.304 Thread 0x000002b7a954b800 DEOPT UNPACKING pc=0x000002b78f5874af sp=0x000000ba1d2fd5c0 mode 2
Event: 302.304 Thread 0x000002b7a954b800 Uncommon trap: trap_request=0xffffff6e fr.pc=0x000002b79778f16c relative=0x00000000000056ac
Event: 302.304 Thread 0x000002b7a954b800 Uncommon trap: reason=speculate_class_check action=maybe_recompile pc=0x000002b79778f16c method=java.io.ObjectInputStream.readNonProxyDesc(Z)Ljava/io/ObjectStreamClass; @ 53 c2
Event: 302.304 Thread 0x000002b7a954b800 DEOPT PACKING pc=0x000002b79778f16c sp=0x000000ba1d2fd720
Event: 302.304 Thread 0x000002b7a954b800 DEOPT UNPACKING pc=0x000002b78f5874af sp=0x000000ba1d2fd5c0 mode 2
Event: 303.887 Thread 0x000002b7a954b800 Uncommon trap: trap_request=0xffffff4d fr.pc=0x000002b7970dac9c relative=0x00000000000005bc
Event: 303.887 Thread 0x000002b7a954b800 Uncommon trap: reason=unstable_if action=reinterpret pc=0x000002b7970dac9c method=java.lang.String.indexOf([BBILjava/lang/String;I)I @ 54 c2
Event: 303.888 Thread 0x000002b7a954b800 DEOPT PACKING pc=0x000002b7970dac9c sp=0x000000ba1d2fe040
Event: 303.890 Thread 0x000002b7a954b800 DEOPT UNPACKING pc=0x000002b78f5874af sp=0x000000ba1d2fddc8 mode 2
Event: 303.902 Thread 0x000002b7a954a000 Uncommon trap: trap_request=0xffffff4d fr.pc=0x000002b7975a46cc relative=0x000000000000060c
Event: 303.902 Thread 0x000002b7a954a000 Uncommon trap: reason=unstable_if action=reinterpret pc=0x000002b7975a46cc method=java.lang.String.indexOf([BBILjava/lang/String;I)I @ 54 c2
Event: 303.902 Thread 0x000002b7a954a000 DEOPT PACKING pc=0x000002b7975a46cc sp=0x000000ba1d4fd690
Event: 303.941 Thread 0x000002b7a9545000 Uncommon trap: trap_request=0xffffff4d fr.pc=0x000002b7975a46cc relative=0x000000000000060c
Event: 303.941 Thread 0x000002b7a9545000 Uncommon trap: reason=unstable_if action=reinterpret pc=0x000002b7975a46cc method=java.lang.String.indexOf([BBILjava/lang/String;I)I @ 54 c2
Event: 303.941 Thread 0x000002b7a9545000 DEOPT PACKING pc=0x000002b7975a46cc sp=0x000000ba1c6fd540
Event: 303.948 Thread 0x000002b7a954a000 DEOPT UNPACKING pc=0x000002b78f5874af sp=0x000000ba1d4fd5f8 mode 2
Event: 303.948 Thread 0x000002b7a9545000 DEOPT UNPACKING pc=0x000002b78f5874af sp=0x000000ba1c6fd4a8 mode 2

Classes redefined (0 events):
No events

Internal exceptions (20 events):
Event: 252.625 Thread 0x000002b7ab19e800 Exception <a 'java/lang/NoSuchMethodError'{0x000000008d3c1ca0}: <clinit>> (0x000000008d3c1ca0) thrown at [./src/hotspot/share/prims/jni.cpp, line 1362]
Event: 252.652 Thread 0x000002b7ab19e800 Exception <a 'java/lang/NoSuchMethodError'{0x000000008d3cccd8}: <clinit>> (0x000000008d3cccd8) thrown at [./src/hotspot/share/prims/jni.cpp, line 1362]
Event: 253.638 Thread 0x000002b7ab19e800 Exception <a 'java/lang/NoSuchMethodError'{0x000000008d21aa00}: <clinit>> (0x000000008d21aa00) thrown at [./src/hotspot/share/prims/jni.cpp, line 1362]
Event: 254.017 Thread 0x000002b7ab19e800 Exception <a 'java/lang/NoSuchMethodError'{0x000000008d24e0d8}: <clinit>> (0x000000008d24e0d8) thrown at [./src/hotspot/share/prims/jni.cpp, line 1362]
Event: 254.122 Thread 0x000002b7ab19e800 Exception <a 'java/lang/NoSuchMethodError'{0x000000008d27ff70}: <clinit>> (0x000000008d27ff70) thrown at [./src/hotspot/share/prims/jni.cpp, line 1362]
Event: 254.124 Thread 0x000002b7ab19e800 Exception <a 'java/lang/NoSuchMethodError'{0x000000008d2833d8}: <clinit>> (0x000000008d2833d8) thrown at [./src/hotspot/share/prims/jni.cpp, line 1362]
Event: 254.129 Thread 0x000002b7ab19e800 Exception <a 'java/lang/NoSuchMethodError'{0x000000008d286048}: <clinit>> (0x000000008d286048) thrown at [./src/hotspot/share/prims/jni.cpp, line 1362]
Event: 254.166 Thread 0x000002b7ab19e800 Exception <a 'java/lang/NoSuchMethodError'{0x000000008d29ed48}: <clinit>> (0x000000008d29ed48) thrown at [./src/hotspot/share/prims/jni.cpp, line 1362]
Event: 254.205 Thread 0x000002b7ab19e800 Exception <a 'java/lang/NoSuchMethodError'{0x000000008d2b6068}: <clinit>> (0x000000008d2b6068) thrown at [./src/hotspot/share/prims/jni.cpp, line 1362]
Event: 254.248 Thread 0x000002b7ab19e800 Exception <a 'java/lang/NoSuchMethodError'{0x000000008d2d4610}: <clinit>> (0x000000008d2d4610) thrown at [./src/hotspot/share/prims/jni.cpp, line 1362]
Event: 254.751 Thread 0x000002b7ab19e800 Exception <a 'java/lang/NoSuchMethodError'{0x000000008d2e5600}: <clinit>> (0x000000008d2e5600) thrown at [./src/hotspot/share/prims/jni.cpp, line 1362]
Event: 259.204 Thread 0x000002b7ab19e800 Exception <a 'java/lang/NoSuchMethodError'{0x000000008cef0e80}: <clinit>> (0x000000008cef0e80) thrown at [./src/hotspot/share/prims/jni.cpp, line 1362]
Event: 263.652 Thread 0x000002b7a9542800 Implicit null exception at 0x000002b797c0ed1f to 0x000002b797c11b3c
Event: 263.652 Thread 0x000002b7a954b800 Implicit null exception at 0x000002b797c0ed1f to 0x000002b797c11b3c
Event: 269.593 Thread 0x000002b7ab19e800 Implicit null exception at 0x000002b79759266c to 0x000002b797592cac
Event: 270.933 Thread 0x000002b7a954b800 Exception <a 'java/lang/ClassNotFoundException'{0x000000009008b888}: sun/awt/resources/spi/awtProvider> (0x000000009008b888) thrown at [./src/hotspot/share/classfile/systemDictionary.cpp, line 231]
Event: 276.340 Thread 0x000002b7a954b800 Exception <a 'java/io/FileNotFoundException'{0x000000008fc58388}> (0x000000008fc58388) thrown at [./src/hotspot/share/prims/jni.cpp, line 615]
Event: 276.509 Thread 0x000002b7a954b800 Exception <a 'java/io/FileNotFoundException'{0x000000008fc5c0e8}> (0x000000008fc5c0e8) thrown at [./src/hotspot/share/prims/jni.cpp, line 615]
Event: 296.957 Thread 0x000002b7ab19e800 Implicit null exception at 0x000002b797733b06 to 0x000002b797739d24
Event: 301.538 Thread 0x000002b7ab19e800 Exception <a 'java/lang/NoSuchMethodError'{0x0000000090420b10}: <clinit>> (0x0000000090420b10) thrown at [./src/hotspot/share/prims/jni.cpp, line 1362]

Events (20 events):
Event: 303.406 loading class com/android/aaptcompiler/ResourceTable
Event: 303.406 loading class com/android/aaptcompiler/ResourceTable done
Event: 303.532 loading class com/android/aaptcompiler/ResourceTable$Companion
Event: 303.532 loading class com/android/aaptcompiler/ResourceTable$Companion done
Event: 303.672 loading class com/android/aaptcompiler/StringPool
Event: 303.672 loading class com/android/aaptcompiler/StringPool done
Event: 303.800 loading class com/android/aaptcompiler/StringPool$Companion
Event: 303.800 loading class com/android/aaptcompiler/StringPool$Companion done
Event: 303.820 loading class com/android/aaptcompiler/StringPool$$special$$inlined$compareBy$1
Event: 303.820 loading class com/android/aaptcompiler/StringPool$$special$$inlined$compareBy$1 done
Event: 303.839 loading class com/android/aaptcompiler/StringPool$$special$$inlined$compareBy$2
Event: 303.839 loading class com/android/aaptcompiler/StringPool$$special$$inlined$compareBy$2 done
Event: 303.849 loading class com/android/aaptcompiler/TableExtractorOptions
Event: 303.849 loading class com/android/aaptcompiler/TableExtractorOptions done
Event: 303.893 loading class com/android/aaptcompiler/TableExtractor
Event: 303.893 loading class com/android/aaptcompiler/TableExtractor done
Event: 304.216 loading class com/android/aaptcompiler/XmlUtilKt
Event: 304.216 loading class com/android/aaptcompiler/XmlUtilKt done
Event: 304.386 loading class com/android/aaptcompiler/ExtractedPackage
Event: 304.386 loading class com/android/aaptcompiler/ExtractedPackage done


Dynamic libraries:
0x00007ff605670000 - 0x00007ff60567a000 	C:\Program Files\Android\Android Studio\jre\bin\java.exe
0x00007ffdd6a30000 - 0x00007ffdd6c25000 	C:\WINDOWS\SYSTEM32\ntdll.dll
0x00007ffdd58c0000 - 0x00007ffdd597d000 	C:\WINDOWS\System32\KERNEL32.DLL
0x00007ffdd4650000 - 0x00007ffdd4919000 	C:\WINDOWS\System32\KERNELBASE.dll
0x00007ffdd41d0000 - 0x00007ffdd42d0000 	C:\WINDOWS\System32\ucrtbase.dll
0x00007ffdb3e50000 - 0x00007ffdb3e69000 	C:\Program Files\Android\Android Studio\jre\bin\jli.dll
0x00007ffdb0820000 - 0x00007ffdb0837000 	C:\Program Files\Android\Android Studio\jre\bin\VCRUNTIME140.dll
0x00007ffdd5220000 - 0x00007ffdd53c0000 	C:\WINDOWS\System32\USER32.dll
0x00007ffdd4360000 - 0x00007ffdd4382000 	C:\WINDOWS\System32\win32u.dll
0x00007ffdd6280000 - 0x00007ffdd62aa000 	C:\WINDOWS\System32\GDI32.dll
0x00007ffdbe010000 - 0x00007ffdbe2aa000 	C:\WINDOWS\WinSxS\amd64_microsoft.windows.common-controls_6595b64144ccf1df_6.0.19041.1110_none_60b5254171f9507e\COMCTL32.dll
0x00007ffdd4390000 - 0x00007ffdd449b000 	C:\WINDOWS\System32\gdi32full.dll
0x00007ffdd4b30000 - 0x00007ffdd4bce000 	C:\WINDOWS\System32\msvcrt.dll
0x00007ffdd4920000 - 0x00007ffdd49bd000 	C:\WINDOWS\System32\msvcp_win.dll
0x00007ffdd51f0000 - 0x00007ffdd5220000 	C:\WINDOWS\System32\IMM32.DLL
0x00007ffd7a6e0000 - 0x00007ffd7a77d000 	C:\Program Files\Android\Android Studio\jre\bin\msvcp140.dll
0x00007ffd45160000 - 0x00007ffd45c1c000 	C:\Program Files\Android\Android Studio\jre\bin\server\jvm.dll
0x00007ffdd6730000 - 0x00007ffdd67dc000 	C:\WINDOWS\System32\ADVAPI32.dll
0x00007ffdd4d40000 - 0x00007ffdd4ddb000 	C:\WINDOWS\System32\sechost.dll
0x00007ffdd4f90000 - 0x00007ffdd50ba000 	C:\WINDOWS\System32\RPCRT4.dll
0x00007ffdd6720000 - 0x00007ffdd6728000 	C:\WINDOWS\System32\PSAPI.DLL
0x00007ffdbe2f0000 - 0x00007ffdbe317000 	C:\WINDOWS\SYSTEM32\WINMM.dll
0x00007ffdc1f10000 - 0x00007ffdc1f19000 	C:\WINDOWS\SYSTEM32\WSOCK32.dll
0x00007ffdd53c0000 - 0x00007ffdd542b000 	C:\WINDOWS\System32\WS2_32.dll
0x00007ffdcc010000 - 0x00007ffdcc01a000 	C:\WINDOWS\SYSTEM32\VERSION.dll
0x00007ffdd20a0000 - 0x00007ffdd20b2000 	C:\WINDOWS\SYSTEM32\kernel.appcore.dll
0x00007ffdcdf10000 - 0x00007ffdcdf21000 	C:\Program Files\Android\Android Studio\jre\bin\verify.dll
0x00007ffdcc140000 - 0x00007ffdcc324000 	C:\WINDOWS\SYSTEM32\DBGHELP.DLL
0x00007ffdbb1f0000 - 0x00007ffdbb21c000 	C:\WINDOWS\SYSTEM32\dbgcore.DLL
0x00007ffdd42d0000 - 0x00007ffdd4353000 	C:\WINDOWS\System32\bcryptPrimitives.dll
0x00007ffdb2340000 - 0x00007ffdb2369000 	C:\Program Files\Android\Android Studio\jre\bin\java.dll
0x00007ffdcfed0000 - 0x00007ffdcfedb000 	C:\Program Files\Android\Android Studio\jre\bin\jimage.dll
0x00007ffdcdef0000 - 0x00007ffdcdf08000 	C:\Program Files\Android\Android Studio\jre\bin\zip.dll
0x00007ffdd5b30000 - 0x00007ffdd626f000 	C:\WINDOWS\System32\SHELL32.dll
0x00007ffdd22a0000 - 0x00007ffdd2a31000 	C:\WINDOWS\SYSTEM32\windows.storage.dll
0x00007ffdd5540000 - 0x00007ffdd5895000 	C:\WINDOWS\System32\combase.dll
0x00007ffdd3b10000 - 0x00007ffdd3b3c000 	C:\WINDOWS\SYSTEM32\Wldp.dll
0x00007ffdd4c90000 - 0x00007ffdd4d3e000 	C:\WINDOWS\System32\SHCORE.dll
0x00007ffdd4bd0000 - 0x00007ffdd4c25000 	C:\WINDOWS\System32\shlwapi.dll
0x00007ffdd40b0000 - 0x00007ffdd40cf000 	C:\WINDOWS\SYSTEM32\profapi.dll
0x00007ffdb4be0000 - 0x00007ffdb4bfa000 	C:\Program Files\Android\Android Studio\jre\bin\net.dll
0x00007ffdca720000 - 0x00007ffdca82a000 	C:\WINDOWS\SYSTEM32\WINHTTP.dll
0x00007ffdd3870000 - 0x00007ffdd38da000 	C:\WINDOWS\system32\mswsock.dll
0x00007ffdb4ad0000 - 0x00007ffdb4ae4000 	C:\Program Files\Android\Android Studio\jre\bin\nio.dll
0x00007ffdcdf40000 - 0x00007ffdcdf67000 	C:\Users\dinhn\.gradle\native\fdc75f09e3144964f2cf3f50f0aa648679c211496f362492102eb8c894070792\windows-amd64\native-platform.dll
0x00007ffd6c440000 - 0x00007ffd6c5d6000 	C:\Users\dinhn\.gradle\native\12488b8bf47d2d4c9fbf2f6322a914ad602e24e48041cd04a747c6da556b65c4\windows-amd64\native-platform-file-events.dll
0x00007ffdc4600000 - 0x00007ffdc460a000 	C:\Program Files\Android\Android Studio\jre\bin\management.dll
0x00007ffdc21d0000 - 0x00007ffdc21dc000 	C:\Program Files\Android\Android Studio\jre\bin\management_ext.dll
0x00007ffdd3a60000 - 0x00007ffdd3a78000 	C:\WINDOWS\SYSTEM32\CRYPTSP.dll
0x00007ffdd3210000 - 0x00007ffdd3244000 	C:\WINDOWS\system32\rsaenh.dll
0x00007ffdd4a70000 - 0x00007ffdd4a97000 	C:\WINDOWS\System32\bcrypt.dll
0x00007ffdd4070000 - 0x00007ffdd409e000 	C:\WINDOWS\SYSTEM32\USERENV.dll
0x00007ffdd3a50000 - 0x00007ffdd3a5c000 	C:\WINDOWS\SYSTEM32\CRYPTBASE.dll
0x00007ffdd3560000 - 0x00007ffdd359b000 	C:\WINDOWS\SYSTEM32\IPHLPAPI.DLL
0x00007ffdd6270000 - 0x00007ffdd6278000 	C:\WINDOWS\System32\NSI.dll
0x00007ffdcb440000 - 0x00007ffdcb457000 	C:\WINDOWS\SYSTEM32\dhcpcsvc6.DLL
0x00007ffdcb5f0000 - 0x00007ffdcb60d000 	C:\WINDOWS\SYSTEM32\dhcpcsvc.DLL
0x00007ffdd35a0000 - 0x00007ffdd366c000 	C:\WINDOWS\SYSTEM32\DNSAPI.dll
0x00007ffdcbbe0000 - 0x00007ffdcbbeb000 	C:\WINDOWS\SYSTEM32\WINNSI.DLL
0x00007ffdb0880000 - 0x00007ffdb08a7000 	C:\Program Files\Android\Android Studio\jre\bin\sunec.dll
0x0000000071bf0000 - 0x0000000071c16000 	C:\Program Files\Bonjour\mdnsNSP.dll
0x00007ffdc75b0000 - 0x00007ffdc75ba000 	C:\Windows\System32\rasadhlp.dll
0x00007ffdca830000 - 0x00007ffdca8af000 	C:\WINDOWS\System32\fwpuclnt.dll
0x00007ffdd2ea0000 - 0x00007ffdd2ed3000 	C:\WINDOWS\SYSTEM32\ntmarta.dll
0x00007ffd6d390000 - 0x00007ffd6d532000 	C:\Program Files\Android\Android Studio\jre\bin\awt.dll
0x00007ffdd4e40000 - 0x00007ffdd4f0d000 	C:\WINDOWS\System32\OLEAUT32.dll
0x00007ffdd1ce0000 - 0x00007ffdd1d0f000 	C:\WINDOWS\SYSTEM32\dwmapi.dll
0x00007ffdd1a00000 - 0x00007ffdd1a90000 	C:\WINDOWS\SYSTEM32\apphelp.dll
0x00007ffdd1bc0000 - 0x00007ffdd1c5e000 	C:\WINDOWS\system32\uxtheme.dll

dbghelp: loaded successfully - version: 4.0.5 - missing functions: none
symbol engine: initialized successfully - sym options: 0x614 - pdb path: .;C:\Program Files\Android\Android Studio\jre\bin;C:\WINDOWS\SYSTEM32;C:\WINDOWS\WinSxS\amd64_microsoft.windows.common-controls_6595b64144ccf1df_6.0.19041.1110_none_60b5254171f9507e;C:\Program Files\Android\Android Studio\jre\bin\server;C:\Users\dinhn\.gradle\native\fdc75f09e3144964f2cf3f50f0aa648679c211496f362492102eb8c894070792\windows-amd64;C:\Users\dinhn\.gradle\native\12488b8bf47d2d4c9fbf2f6322a914ad602e24e48041cd04a747c6da556b65c4\windows-amd64;C:\Program Files\Bonjour

VM Arguments:
jvm_args: --add-opens=java.base/java.util=ALL-UNNAMED --add-opens=java.base/java.lang=ALL-UNNAMED --add-opens=java.base/java.lang.invoke=ALL-UNNAMED --add-opens=java.prefs/java.util.prefs=ALL-UNNAMED -Xmx2048m -Dfile.encoding=UTF-8 -Duser.country=US -Duser.language=en -Duser.variant 
java_command: org.gradle.launcher.daemon.bootstrap.GradleDaemon 6.7.1
java_class_path (initial): C:\Users\dinhn\.gradle\wrapper\dists\gradle-6.7.1-bin\bwlcbys1h7rz3272sye1xwiv6\gradle-6.7.1\lib\gradle-launcher-6.7.1.jar
Launcher Type: SUN_STANDARD

[Global flags]
     intx CICompilerCount                          = 4                                         {product} {ergonomic}
     uint ConcGCThreads                            = 2                                         {product} {ergonomic}
     uint G1ConcRefinementThreads                  = 8                                         {product} {ergonomic}
   size_t G1HeapRegionSize                         = 1048576                                   {product} {ergonomic}
    uintx GCDrainStackTargetSize                   = 64                                        {product} {ergonomic}
   size_t InitialHeapSize                          = 132120576                                 {product} {ergonomic}
   size_t MarkStackSize                            = 4194304                                   {product} {ergonomic}
   size_t MaxHeapSize                              = 2147483648                                {product} {command line}
   size_t MaxNewSize                               = 1287651328                                {product} {ergonomic}
   size_t MinHeapDeltaBytes                        = 1048576                                   {product} {ergonomic}
    uintx NonNMethodCodeHeapSize                   = 5836300                                {pd product} {ergonomic}
    uintx NonProfiledCodeHeapSize                  = 122910970                              {pd product} {ergonomic}
    uintx ProfiledCodeHeapSize                     = 122910970                              {pd product} {ergonomic}
    uintx ReservedCodeCacheSize                    = 251658240                              {pd product} {ergonomic}
     bool SegmentedCodeCache                       = true                                      {product} {ergonomic}
     bool UseCompressedClassPointers               = true                                 {lp64_product} {ergonomic}
     bool UseCompressedOops                        = true                                 {lp64_product} {ergonomic}
     bool UseG1GC                                  = true                                      {product} {ergonomic}
     bool UseLargePagesIndividualAllocation        = false                                  {pd product} {ergonomic}

Logging:
Log output configuration:
 #0: stdout all=warning uptime,level,tags
 #1: stderr all=off uptime,level,tags

Environment Variables:
JAVA_HOME=C:\Program Files\Java\jdk-16.0.1\bin
PATH=C:\Program Files\Common Files\Oracle\Java\javapath;C:\WINDOWS\system32;C:\WINDOWS;C:\WINDOWS\System32\Wbem;C:\WINDOWS\System32\WindowsPowerShell\v1.0\;C:\WINDOWS\System32\OpenSSH\;C:\Program Files\Git\cmd;C:\Program Files\nodejs\;C:\Program Files\dotnet\;C:\Users\dinhn\AppData\Local\Microsoft\WindowsApps;C:\Users\dinhn\AppData\Roaming\npm;C:\Users\dinhn\AppData\Local\Programs\Microsoft VS Code\bin;C:\Users\dinhn\.dotnet\tools
USERNAME=dinhn
OS=Windows_NT
PROCESSOR_IDENTIFIER=Intel64 Family 6 Model 142 Stepping 12, GenuineIntel



---------------  S Y S T E M  ---------------

OS: Windows 10 , 64 bit Build 19041 (10.0.19041.1023)
OS uptime: 12 days 23:36 hours

CPU:total 8 (initial active 8) (4 cores per cpu, 2 threads per core) family 6 model 142 stepping 12, cmov, cx8, fxsr, mmx, sse, sse2, sse3, ssse3, sse4.1, sse4.2, popcnt, avx, avx2, aes, clmul, erms, 3dnowpref, lzcnt, ht, tsc, tscinvbit, bmi1, bmi2, adx, fma

Memory: 4k page, system-wide physical 8043M (27M free)
TotalPageFile size 32619M (AvailPageFile size 3M)
current process WorkingSet (physical memory assigned to process): 123M, peak: 460M
current process commit charge ("private bytes"): 648M, peak: 656M

vm_info: OpenJDK 64-Bit Server VM (11.0.8+10-b944.6842174) for windows-amd64 JRE (11.0.8+10-b944.6842174), built on Sep 19 2020 01:11:42 by "builder" with MS VC++ 14.0 (VS2015)

END.
